<?xml version="1.0" encoding="UTF-8"?>
<testsuite xmlns:xsi="http://www.w3.org/2001/XMLSchema-instance" xsi:noNamespaceSchemaLocation="https://maven.apache.org/surefire/maven-surefire-plugin/xsd/surefire-test-report-3.0.xsd" version="3.0" name="cl.capstone.ms_gestion_faenas.MsGestionFaenasApplicationTests" time="16.647" tests="1" errors="0" skipped="0" failures="0">
  <properties>
[...]
</properties>
  <testcase name="contextLoads" classname="cl.capstone.ms_gestion_faenas.MsGestionFaenasApplicationTests" time="1.069">
    <system-out><![CDATA[19:35:29.834 [main] INFO org.springframework.test.context.support.AnnotationConfigContextLoaderUtils -- Could not detect default configuration classes for test class [cl.capstone.ms_gestion_faenas.MsGestionFaenasApplicationTests]: MsGestionFaenasApplicationTests does not declare any static, non-private, non-final, nested classes annotated with @Configuration.
19:35:30.045 [main] INFO org.springframework.boot.test.context.SpringBootTestContextBootstrapper -- Found @SpringBootConfiguration cl.capstone.ms_gestion_faenas.MsGestionFaenasApplication for test class cl.capstone.ms_gestion_faenas.MsGestionFaenasApplicationTests
19:35:30.410 [main] INFO org.springframework.boot.devtools.restart.RestartApplicationListener -- Restart disabled due to context in which it is running

  .   ____          _            __ _ _
 /\\ / ___'_ __ _ _(_)_ __  __ _ \ \ \ \
( ( )\___ | '_ | '_| | '_ \/ _` | \ \ \ \
 \\/  ___)| |_)| | | | | || (_| |  ) ) ) )
  '  |____| .__|_| |_|_| |_\__, | / / / /
 =========|_|==============|___/=/_/_/_/

 :: Spring Boot ::                (v3.3.4)

2024-10-12T19:35:31.220-03:00  INFO 1672 --- [ms-gestion-faenas] [           main] c.c.m.MsGestionFaenasApplicationTests    : Starting MsGestionFaenasApplicationTests using Java 21.0.4 with PID 1672 (started by HP in c:\Users\HP\Desktop\Capstone\NombreProyecto_Capstone24_DUOC_VM\Fase 2\ms-gestion-faenas)
2024-10-12T19:35:31.223-03:00  INFO 1672 --- [ms-gestion-faenas] [           main] c.c.m.MsGestionFaenasApplicationTests    : No active profile set, falling back to 1 default profile: "default"
2024-10-12T19:35:33.323-03:00  INFO 1672 --- [ms-gestion-faenas] [           main] .s.d.r.c.RepositoryConfigurationDelegate : Bootstrapping Spring Data JPA repositories in DEFAULT mode.
2024-10-12T19:35:33.469-03:00  INFO 1672 --- [ms-gestion-faenas] [           main] .s.d.r.c.RepositoryConfigurationDelegate : Finished Spring Data repository scanning in 116 ms. Found 2 JPA repository interfaces.
2024-10-12T19:35:34.271-03:00 DEBUG 1672 --- [ms-gestion-faenas] [           main] com.zaxxer.hikari.HikariConfig           : Driver class oracle.jdbc.OracleDriver found in Thread context class loader jdk.internal.loader.ClassLoaders$AppClassLoader@70dea4e
2024-10-12T19:35:34.810-03:00 DEBUG 1672 --- [ms-gestion-faenas] [           main] o.hibernate.jpa.internal.util.LogHelper  : PersistenceUnitInfo [
	name: default
	persistence provider classname: null
	classloader: jdk.internal.loader.ClassLoaders$AppClassLoader@70dea4e
	excludeUnlistedClasses: true
	JTA datasource: null
	Non JTA datasource: HikariDataSource (null)
	Transaction type: RESOURCE_LOCAL
	PU root URL: file:/C:/Users/HP/Desktop/Capstone/NombreProyecto_Capstone24_DUOC_VM/Fase%202/ms-gestion-faenas/target/test-classes/
	Shared Cache Mode: UNSPECIFIED
	Validation Mode: AUTO
	Jar files URLs []
	Managed classes names [
		cl.capstone.ms_gestion_faenas.model.Faena
		cl.capstone.ms_gestion_faenas.model.TipoFaena]
	Mapping files names []
	Properties []
2024-10-12T19:35:34.842-03:00 DEBUG 1672 --- [ms-gestion-faenas] [           main] o.h.i.internal.IntegratorServiceImpl     : Adding Integrator [org.hibernate.boot.beanvalidation.BeanValidationIntegrator].
2024-10-12T19:35:34.842-03:00 DEBUG 1672 --- [ms-gestion-faenas] [           main] o.h.i.internal.IntegratorServiceImpl     : Adding Integrator [org.hibernate.cache.internal.CollectionCacheInvalidator].
2024-10-12T19:35:34.999-03:00  INFO 1672 --- [ms-gestion-faenas] [           main] org.hibernate.Version                    : HHH000412: Hibernate ORM core version 6.5.3.Final
2024-10-12T19:35:35.001-03:00 DEBUG 1672 --- [ms-gestion-faenas] [           main] org.hibernate.cfg.Environment            : HHH000206: 'hibernate.properties' not found
2024-10-12T19:35:35.042-03:00 DEBUG 1672 --- [ms-gestion-faenas] [           main] org.hibernate.orm.idgen.factory          : Registering IdentifierGenerator strategy [uuid2] -> [org.hibernate.id.UUIDGenerator]
2024-10-12T19:35:35.055-03:00 DEBUG 1672 --- [ms-gestion-faenas] [           main] org.hibernate.orm.idgen.factory          : Registering IdentifierGenerator strategy [guid] -> [org.hibernate.id.GUIDGenerator]
2024-10-12T19:35:35.056-03:00 DEBUG 1672 --- [ms-gestion-faenas] [           main] org.hibernate.orm.idgen.factory          : Registering IdentifierGenerator strategy [uuid] -> [org.hibernate.id.UUIDHexGenerator]
2024-10-12T19:35:35.056-03:00 DEBUG 1672 --- [ms-gestion-faenas] [           main] org.hibernate.orm.idgen.factory          : Registering IdentifierGenerator strategy [uuid.hex] -> [org.hibernate.id.UUIDHexGenerator]
2024-10-12T19:35:35.056-03:00 DEBUG 1672 --- [ms-gestion-faenas] [           main] org.hibernate.orm.idgen.factory          : Registering IdentifierGenerator strategy [assigned] -> [org.hibernate.id.Assigned]
2024-10-12T19:35:35.056-03:00 DEBUG 1672 --- [ms-gestion-faenas] [           main] org.hibernate.orm.idgen.factory          : Registering IdentifierGenerator strategy [identity] -> [org.hibernate.id.IdentityGenerator]
2024-10-12T19:35:35.056-03:00 DEBUG 1672 --- [ms-gestion-faenas] [           main] org.hibernate.orm.idgen.factory          : Registering IdentifierGenerator strategy [select] -> [org.hibernate.id.SelectGenerator]
2024-10-12T19:35:35.056-03:00 DEBUG 1672 --- [ms-gestion-faenas] [           main] org.hibernate.orm.idgen.factory          : Registering IdentifierGenerator strategy [sequence] -> [org.hibernate.id.enhanced.SequenceStyleGenerator]
2024-10-12T19:35:35.056-03:00 DEBUG 1672 --- [ms-gestion-faenas] [           main] org.hibernate.orm.idgen.factory          : Registering IdentifierGenerator strategy [increment] -> [org.hibernate.id.IncrementGenerator]
2024-10-12T19:35:35.056-03:00 DEBUG 1672 --- [ms-gestion-faenas] [           main] org.hibernate.orm.idgen.factory          : Registering IdentifierGenerator strategy [foreign] -> [org.hibernate.id.ForeignGenerator]
2024-10-12T19:35:35.056-03:00 DEBUG 1672 --- [ms-gestion-faenas] [           main] org.hibernate.orm.idgen.factory          : Registering IdentifierGenerator strategy [enhanced-sequence] -> [org.hibernate.id.enhanced.SequenceStyleGenerator]
2024-10-12T19:35:35.056-03:00 DEBUG 1672 --- [ms-gestion-faenas] [           main] org.hibernate.orm.idgen.factory          : Registering IdentifierGenerator strategy [enhanced-table] -> [org.hibernate.id.enhanced.TableGenerator]
2024-10-12T19:35:35.073-03:00 DEBUG 1672 --- [ms-gestion-faenas] [           main] o.h.c.internal.RegionFactoryInitiator    : Cannot default RegionFactory based on registered strategies as `[]` RegionFactory strategies were registered
2024-10-12T19:35:35.073-03:00  INFO 1672 --- [ms-gestion-faenas] [           main] o.h.c.internal.RegionFactoryInitiator    : HHH000026: Second-level cache disabled
2024-10-12T19:35:35.305-03:00 DEBUG 1672 --- [ms-gestion-faenas] [           main] org.hibernate.type.BasicTypeRegistry     : Adding type registration boolean -> org.hibernate.type.BasicTypeReference@53ea380b
2024-10-12T19:35:35.305-03:00 DEBUG 1672 --- [ms-gestion-faenas] [           main] org.hibernate.type.BasicTypeRegistry     : Adding type registration boolean -> org.hibernate.type.BasicTypeReference@53ea380b
2024-10-12T19:35:35.305-03:00 DEBUG 1672 --- [ms-gestion-faenas] [           main] org.hibernate.type.BasicTypeRegistry     : Adding type registration java.lang.Boolean -> org.hibernate.type.BasicTypeReference@53ea380b
2024-10-12T19:35:35.305-03:00 DEBUG 1672 --- [ms-gestion-faenas] [           main] org.hibernate.type.BasicTypeRegistry     : Adding type registration numeric_boolean -> org.hibernate.type.BasicTypeReference@578c3fd9
2024-10-12T19:35:35.305-03:00 DEBUG 1672 --- [ms-gestion-faenas] [           main] org.hibernate.type.BasicTypeRegistry     : Adding type registration org.hibernate.type.NumericBooleanConverter -> org.hibernate.type.BasicTypeReference@578c3fd9
2024-10-12T19:35:35.305-03:00 DEBUG 1672 --- [ms-gestion-faenas] [           main] org.hibernate.type.BasicTypeRegistry     : Adding type registration true_false -> org.hibernate.type.BasicTypeReference@245cb8df
2024-10-12T19:35:35.305-03:00 DEBUG 1672 --- [ms-gestion-faenas] [           main] org.hibernate.type.BasicTypeRegistry     : Adding type registration org.hibernate.type.TrueFalseConverter -> org.hibernate.type.BasicTypeReference@245cb8df
2024-10-12T19:35:35.305-03:00 DEBUG 1672 --- [ms-gestion-faenas] [           main] org.hibernate.type.BasicTypeRegistry     : Adding type registration yes_no -> org.hibernate.type.BasicTypeReference@26b3c9a2
2024-10-12T19:35:35.305-03:00 DEBUG 1672 --- [ms-gestion-faenas] [           main] org.hibernate.type.BasicTypeRegistry     : Adding type registration org.hibernate.type.YesNoConverter -> org.hibernate.type.BasicTypeReference@26b3c9a2
2024-10-12T19:35:35.305-03:00 DEBUG 1672 --- [ms-gestion-faenas] [           main] org.hibernate.type.BasicTypeRegistry     : Adding type registration byte -> org.hibernate.type.BasicTypeReference@241b971f
2024-10-12T19:35:35.305-03:00 DEBUG 1672 --- [ms-gestion-faenas] [           main] org.hibernate.type.BasicTypeRegistry     : Adding type registration byte -> org.hibernate.type.BasicTypeReference@241b971f
2024-10-12T19:35:35.305-03:00 DEBUG 1672 --- [ms-gestion-faenas] [           main] org.hibernate.type.BasicTypeRegistry     : Adding type registration java.lang.Byte -> org.hibernate.type.BasicTypeReference@241b971f
2024-10-12T19:35:35.305-03:00 DEBUG 1672 --- [ms-gestion-faenas] [           main] org.hibernate.type.BasicTypeRegistry     : Adding type registration binary -> org.hibernate.type.BasicTypeReference@125f16b2
2024-10-12T19:35:35.305-03:00 DEBUG 1672 --- [ms-gestion-faenas] [           main] org.hibernate.type.BasicTypeRegistry     : Adding type registration byte[] -> org.hibernate.type.BasicTypeReference@125f16b2
2024-10-12T19:35:35.305-03:00 DEBUG 1672 --- [ms-gestion-faenas] [           main] org.hibernate.type.BasicTypeRegistry     : Adding type registration [B -> org.hibernate.type.BasicTypeReference@125f16b2
2024-10-12T19:35:35.305-03:00 DEBUG 1672 --- [ms-gestion-faenas] [           main] org.hibernate.type.BasicTypeRegistry     : Adding type registration binary_wrapper -> org.hibernate.type.BasicTypeReference@5384ce66
2024-10-12T19:35:35.305-03:00 DEBUG 1672 --- [ms-gestion-faenas] [           main] org.hibernate.type.BasicTypeRegistry     : Adding type registration wrapper-binary -> org.hibernate.type.BasicTypeReference@5384ce66
2024-10-12T19:35:35.305-03:00 DEBUG 1672 --- [ms-gestion-faenas] [           main] org.hibernate.type.BasicTypeRegistry     : Adding type registration image -> org.hibernate.type.BasicTypeReference@6b42e36d
2024-10-12T19:35:35.305-03:00 DEBUG 1672 --- [ms-gestion-faenas] [           main] org.hibernate.type.BasicTypeRegistry     : Adding type registration blob -> org.hibernate.type.BasicTypeReference@13192275
2024-10-12T19:35:35.314-03:00 DEBUG 1672 --- [ms-gestion-faenas] [           main] org.hibernate.type.BasicTypeRegistry     : Adding type registration java.sql.Blob -> org.hibernate.type.BasicTypeReference@13192275
2024-10-12T19:35:35.315-03:00 DEBUG 1672 --- [ms-gestion-faenas] [           main] org.hibernate.type.BasicTypeRegistry     : Adding type registration materialized_blob -> org.hibernate.type.BasicTypeReference@79195c22
2024-10-12T19:35:35.315-03:00 DEBUG 1672 --- [ms-gestion-faenas] [           main] org.hibernate.type.BasicTypeRegistry     : Adding type registration materialized_blob_wrapper -> org.hibernate.type.BasicTypeReference@c9b5a99
2024-10-12T19:35:35.315-03:00 DEBUG 1672 --- [ms-gestion-faenas] [           main] org.hibernate.type.BasicTypeRegistry     : Adding type registration short -> org.hibernate.type.BasicTypeReference@70be89ec
2024-10-12T19:35:35.315-03:00 DEBUG 1672 --- [ms-gestion-faenas] [           main] org.hibernate.type.BasicTypeRegistry     : Adding type registration short -> org.hibernate.type.BasicTypeReference@70be89ec
2024-10-12T19:35:35.316-03:00 DEBUG 1672 --- [ms-gestion-faenas] [           main] org.hibernate.type.BasicTypeRegistry     : Adding type registration java.lang.Short -> org.hibernate.type.BasicTypeReference@70be89ec
2024-10-12T19:35:35.316-03:00 DEBUG 1672 --- [ms-gestion-faenas] [           main] org.hibernate.type.BasicTypeRegistry     : Adding type registration integer -> org.hibernate.type.BasicTypeReference@2aee0704
2024-10-12T19:35:35.316-03:00 DEBUG 1672 --- [ms-gestion-faenas] [           main] org.hibernate.type.BasicTypeRegistry     : Adding type registration int -> org.hibernate.type.BasicTypeReference@2aee0704
2024-10-12T19:35:35.316-03:00 DEBUG 1672 --- [ms-gestion-faenas] [           main] org.hibernate.type.BasicTypeRegistry     : Adding type registration java.lang.Integer -> org.hibernate.type.BasicTypeReference@2aee0704
2024-10-12T19:35:35.316-03:00 DEBUG 1672 --- [ms-gestion-faenas] [           main] org.hibernate.type.BasicTypeRegistry     : Adding type registration long -> org.hibernate.type.BasicTypeReference@19a5b637
2024-10-12T19:35:35.316-03:00 DEBUG 1672 --- [ms-gestion-faenas] [           main] org.hibernate.type.BasicTypeRegistry     : Adding type registration long -> org.hibernate.type.BasicTypeReference@19a5b637
2024-10-12T19:35:35.316-03:00 DEBUG 1672 --- [ms-gestion-faenas] [           main] org.hibernate.type.BasicTypeRegistry     : Adding type registration java.lang.Long -> org.hibernate.type.BasicTypeReference@19a5b637
2024-10-12T19:35:35.316-03:00 DEBUG 1672 --- [ms-gestion-faenas] [           main] org.hibernate.type.BasicTypeRegistry     : Adding type registration float -> org.hibernate.type.BasicTypeReference@4f3c7808
2024-10-12T19:35:35.316-03:00 DEBUG 1672 --- [ms-gestion-faenas] [           main] org.hibernate.type.BasicTypeRegistry     : Adding type registration float -> org.hibernate.type.BasicTypeReference@4f3c7808
2024-10-12T19:35:35.316-03:00 DEBUG 1672 --- [ms-gestion-faenas] [           main] org.hibernate.type.BasicTypeRegistry     : Adding type registration java.lang.Float -> org.hibernate.type.BasicTypeReference@4f3c7808
2024-10-12T19:35:35.316-03:00 DEBUG 1672 --- [ms-gestion-faenas] [           main] org.hibernate.type.BasicTypeRegistry     : Adding type registration double -> org.hibernate.type.BasicTypeReference@4b4969ea
2024-10-12T19:35:35.316-03:00 DEBUG 1672 --- [ms-gestion-faenas] [           main] org.hibernate.type.BasicTypeRegistry     : Adding type registration double -> org.hibernate.type.BasicTypeReference@4b4969ea
2024-10-12T19:35:35.316-03:00 DEBUG 1672 --- [ms-gestion-faenas] [           main] org.hibernate.type.BasicTypeRegistry     : Adding type registration java.lang.Double -> org.hibernate.type.BasicTypeReference@4b4969ea
2024-10-12T19:35:35.316-03:00 DEBUG 1672 --- [ms-gestion-faenas] [           main] org.hibernate.type.BasicTypeRegistry     : Adding type registration big_integer -> org.hibernate.type.BasicTypeReference@11c581a0
2024-10-12T19:35:35.316-03:00 DEBUG 1672 --- [ms-gestion-faenas] [           main] org.hibernate.type.BasicTypeRegistry     : Adding type registration java.math.BigInteger -> org.hibernate.type.BasicTypeReference@11c581a0
2024-10-12T19:35:35.316-03:00 DEBUG 1672 --- [ms-gestion-faenas] [           main] org.hibernate.type.BasicTypeRegistry     : Adding type registration big_decimal -> org.hibernate.type.BasicTypeReference@256589a1
2024-10-12T19:35:35.316-03:00 DEBUG 1672 --- [ms-gestion-faenas] [           main] org.hibernate.type.BasicTypeRegistry     : Adding type registration java.math.BigDecimal -> org.hibernate.type.BasicTypeReference@256589a1
2024-10-12T19:35:35.316-03:00 DEBUG 1672 --- [ms-gestion-faenas] [           main] org.hibernate.type.BasicTypeRegistry     : Adding type registration character -> org.hibernate.type.BasicTypeReference@935493d
2024-10-12T19:35:35.316-03:00 DEBUG 1672 --- [ms-gestion-faenas] [           main] org.hibernate.type.BasicTypeRegistry     : Adding type registration char -> org.hibernate.type.BasicTypeReference@935493d
2024-10-12T19:35:35.316-03:00 DEBUG 1672 --- [ms-gestion-faenas] [           main] org.hibernate.type.BasicTypeRegistry     : Adding type registration java.lang.Character -> org.hibernate.type.BasicTypeReference@935493d
2024-10-12T19:35:35.316-03:00 DEBUG 1672 --- [ms-gestion-faenas] [           main] org.hibernate.type.BasicTypeRegistry     : Adding type registration character_nchar -> org.hibernate.type.BasicTypeReference@9b367c8
2024-10-12T19:35:35.316-03:00 DEBUG 1672 --- [ms-gestion-faenas] [           main] org.hibernate.type.BasicTypeRegistry     : Adding type registration string -> org.hibernate.type.BasicTypeReference@34c62fdf
2024-10-12T19:35:35.316-03:00 DEBUG 1672 --- [ms-gestion-faenas] [           main] org.hibernate.type.BasicTypeRegistry     : Adding type registration java.lang.String -> org.hibernate.type.BasicTypeReference@34c62fdf
2024-10-12T19:35:35.316-03:00 DEBUG 1672 --- [ms-gestion-faenas] [           main] org.hibernate.type.BasicTypeRegistry     : Adding type registration nstring -> org.hibernate.type.BasicTypeReference@3de79067
2024-10-12T19:35:35.316-03:00 DEBUG 1672 --- [ms-gestion-faenas] [           main] org.hibernate.type.BasicTypeRegistry     : Adding type registration characters -> org.hibernate.type.BasicTypeReference@1eb85a47
2024-10-12T19:35:35.316-03:00 DEBUG 1672 --- [ms-gestion-faenas] [           main] org.hibernate.type.BasicTypeRegistry     : Adding type registration char[] -> org.hibernate.type.BasicTypeReference@1eb85a47
2024-10-12T19:35:35.316-03:00 DEBUG 1672 --- [ms-gestion-faenas] [           main] org.hibernate.type.BasicTypeRegistry     : Adding type registration [C -> org.hibernate.type.BasicTypeReference@1eb85a47
2024-10-12T19:35:35.316-03:00 DEBUG 1672 --- [ms-gestion-faenas] [           main] org.hibernate.type.BasicTypeRegistry     : Adding type registration wrapper-characters -> org.hibernate.type.BasicTypeReference@ca7e37f
2024-10-12T19:35:35.316-03:00 DEBUG 1672 --- [ms-gestion-faenas] [           main] org.hibernate.type.BasicTypeRegistry     : Adding type registration text -> org.hibernate.type.BasicTypeReference@99a8de3
2024-10-12T19:35:35.316-03:00 DEBUG 1672 --- [ms-gestion-faenas] [           main] org.hibernate.type.BasicTypeRegistry     : Adding type registration ntext -> org.hibernate.type.BasicTypeReference@87f501f
2024-10-12T19:35:35.316-03:00 DEBUG 1672 --- [ms-gestion-faenas] [           main] org.hibernate.type.BasicTypeRegistry     : Adding type registration clob -> org.hibernate.type.BasicTypeReference@54495935
2024-10-12T19:35:35.316-03:00 DEBUG 1672 --- [ms-gestion-faenas] [           main] org.hibernate.type.BasicTypeRegistry     : Adding type registration java.sql.Clob -> org.hibernate.type.BasicTypeReference@54495935
2024-10-12T19:35:35.316-03:00 DEBUG 1672 --- [ms-gestion-faenas] [           main] org.hibernate.type.BasicTypeRegistry     : Adding type registration nclob -> org.hibernate.type.BasicTypeReference@67c6f4d8
2024-10-12T19:35:35.316-03:00 DEBUG 1672 --- [ms-gestion-faenas] [           main] org.hibernate.type.BasicTypeRegistry     : Adding type registration java.sql.NClob -> org.hibernate.type.BasicTypeReference@67c6f4d8
2024-10-12T19:35:35.316-03:00 DEBUG 1672 --- [ms-gestion-faenas] [           main] org.hibernate.type.BasicTypeRegistry     : Adding type registration materialized_clob -> org.hibernate.type.BasicTypeReference@3a6e9856
2024-10-12T19:35:35.316-03:00 DEBUG 1672 --- [ms-gestion-faenas] [           main] org.hibernate.type.BasicTypeRegistry     : Adding type registration materialized_clob_char_array -> org.hibernate.type.BasicTypeReference@4863c8ac
2024-10-12T19:35:35.316-03:00 DEBUG 1672 --- [ms-gestion-faenas] [           main] org.hibernate.type.BasicTypeRegistry     : Adding type registration materialized_clob_character_array -> org.hibernate.type.BasicTypeReference@56fda064
2024-10-12T19:35:35.316-03:00 DEBUG 1672 --- [ms-gestion-faenas] [           main] org.hibernate.type.BasicTypeRegistry     : Adding type registration materialized_nclob -> org.hibernate.type.BasicTypeReference@6cdee57
2024-10-12T19:35:35.316-03:00 DEBUG 1672 --- [ms-gestion-faenas] [           main] org.hibernate.type.BasicTypeRegistry     : Adding type registration materialized_nclob_character_array -> org.hibernate.type.BasicTypeReference@482f7af0
2024-10-12T19:35:35.316-03:00 DEBUG 1672 --- [ms-gestion-faenas] [           main] org.hibernate.type.BasicTypeRegistry     : Adding type registration materialized_nclob_char_array -> org.hibernate.type.BasicTypeReference@1edfedf1
2024-10-12T19:35:35.316-03:00 DEBUG 1672 --- [ms-gestion-faenas] [           main] org.hibernate.type.BasicTypeRegistry     : Adding type registration Duration -> org.hibernate.type.BasicTypeReference@251a90ce
2024-10-12T19:35:35.325-03:00 DEBUG 1672 --- [ms-gestion-faenas] [           main] org.hibernate.type.BasicTypeRegistry     : Adding type registration java.time.Duration -> org.hibernate.type.BasicTypeReference@251a90ce
2024-10-12T19:35:35.325-03:00 DEBUG 1672 --- [ms-gestion-faenas] [           main] org.hibernate.type.BasicTypeRegistry     : Adding type registration LocalDateTime -> org.hibernate.type.BasicTypeReference@4c4c7d6c
2024-10-12T19:35:35.325-03:00 DEBUG 1672 --- [ms-gestion-faenas] [           main] org.hibernate.type.BasicTypeRegistry     : Adding type registration java.time.LocalDateTime -> org.hibernate.type.BasicTypeReference@4c4c7d6c
2024-10-12T19:35:35.325-03:00 DEBUG 1672 --- [ms-gestion-faenas] [           main] org.hibernate.type.BasicTypeRegistry     : Adding type registration LocalDate -> org.hibernate.type.BasicTypeReference@7f0766ef
2024-10-12T19:35:35.325-03:00 DEBUG 1672 --- [ms-gestion-faenas] [           main] org.hibernate.type.BasicTypeRegistry     : Adding type registration java.time.LocalDate -> org.hibernate.type.BasicTypeReference@7f0766ef
2024-10-12T19:35:35.325-03:00 DEBUG 1672 --- [ms-gestion-faenas] [           main] org.hibernate.type.BasicTypeRegistry     : Adding type registration LocalTime -> org.hibernate.type.BasicTypeReference@1e56bc9b
2024-10-12T19:35:35.325-03:00 DEBUG 1672 --- [ms-gestion-faenas] [           main] org.hibernate.type.BasicTypeRegistry     : Adding type registration java.time.LocalTime -> org.hibernate.type.BasicTypeReference@1e56bc9b
2024-10-12T19:35:35.325-03:00 DEBUG 1672 --- [ms-gestion-faenas] [           main] org.hibernate.type.BasicTypeRegistry     : Adding type registration OffsetDateTime -> org.hibernate.type.BasicTypeReference@6f3bd37f
2024-10-12T19:35:35.325-03:00 DEBUG 1672 --- [ms-gestion-faenas] [           main] org.hibernate.type.BasicTypeRegistry     : Adding type registration java.time.OffsetDateTime -> org.hibernate.type.BasicTypeReference@6f3bd37f
2024-10-12T19:35:35.325-03:00 DEBUG 1672 --- [ms-gestion-faenas] [           main] org.hibernate.type.BasicTypeRegistry     : Adding type registration OffsetDateTimeWithTimezone -> org.hibernate.type.BasicTypeReference@403364e9
2024-10-12T19:35:35.325-03:00 DEBUG 1672 --- [ms-gestion-faenas] [           main] org.hibernate.type.BasicTypeRegistry     : Adding type registration OffsetDateTimeWithoutTimezone -> org.hibernate.type.BasicTypeReference@447521e
2024-10-12T19:35:35.325-03:00 DEBUG 1672 --- [ms-gestion-faenas] [           main] org.hibernate.type.BasicTypeRegistry     : Adding type registration OffsetTime -> org.hibernate.type.BasicTypeReference@2fde9469
2024-10-12T19:35:35.325-03:00 DEBUG 1672 --- [ms-gestion-faenas] [           main] org.hibernate.type.BasicTypeRegistry     : Adding type registration java.time.OffsetTime -> org.hibernate.type.BasicTypeReference@2fde9469
2024-10-12T19:35:35.325-03:00 DEBUG 1672 --- [ms-gestion-faenas] [           main] org.hibernate.type.BasicTypeRegistry     : Adding type registration OffsetTimeUtc -> org.hibernate.type.BasicTypeReference@1ecf0ac6
2024-10-12T19:35:35.325-03:00 DEBUG 1672 --- [ms-gestion-faenas] [           main] org.hibernate.type.BasicTypeRegistry     : Adding type registration OffsetTimeWithTimezone -> org.hibernate.type.BasicTypeReference@458031da
2024-10-12T19:35:35.325-03:00 DEBUG 1672 --- [ms-gestion-faenas] [           main] org.hibernate.type.BasicTypeRegistry     : Adding type registration OffsetTimeWithoutTimezone -> org.hibernate.type.BasicTypeReference@7be94cd6
2024-10-12T19:35:35.325-03:00 DEBUG 1672 --- [ms-gestion-faenas] [           main] org.hibernate.type.BasicTypeRegistry     : Adding type registration ZonedDateTime -> org.hibernate.type.BasicTypeReference@20cff21e
2024-10-12T19:35:35.325-03:00 DEBUG 1672 --- [ms-gestion-faenas] [           main] org.hibernate.type.BasicTypeRegistry     : Adding type registration java.time.ZonedDateTime -> org.hibernate.type.BasicTypeReference@20cff21e
2024-10-12T19:35:35.325-03:00 DEBUG 1672 --- [ms-gestion-faenas] [           main] org.hibernate.type.BasicTypeRegistry     : Adding type registration ZonedDateTimeWithTimezone -> org.hibernate.type.BasicTypeReference@463045fb
2024-10-12T19:35:35.325-03:00 DEBUG 1672 --- [ms-gestion-faenas] [           main] org.hibernate.type.BasicTypeRegistry     : Adding type registration ZonedDateTimeWithoutTimezone -> org.hibernate.type.BasicTypeReference@27ab206
2024-10-12T19:35:35.325-03:00 DEBUG 1672 --- [ms-gestion-faenas] [           main] org.hibernate.type.BasicTypeRegistry     : Adding type registration date -> org.hibernate.type.BasicTypeReference@3344d163
2024-10-12T19:35:35.325-03:00 DEBUG 1672 --- [ms-gestion-faenas] [           main] org.hibernate.type.BasicTypeRegistry     : Adding type registration java.sql.Date -> org.hibernate.type.BasicTypeReference@3344d163
2024-10-12T19:35:35.325-03:00 DEBUG 1672 --- [ms-gestion-faenas] [           main] org.hibernate.type.BasicTypeRegistry     : Adding type registration time -> org.hibernate.type.BasicTypeReference@6cc48a17
2024-10-12T19:35:35.325-03:00 DEBUG 1672 --- [ms-gestion-faenas] [           main] org.hibernate.type.BasicTypeRegistry     : Adding type registration java.sql.Time -> org.hibernate.type.BasicTypeReference@6cc48a17
2024-10-12T19:35:35.325-03:00 DEBUG 1672 --- [ms-gestion-faenas] [           main] org.hibernate.type.BasicTypeRegistry     : Adding type registration timestamp -> org.hibernate.type.BasicTypeReference@289f15e9
2024-10-12T19:35:35.325-03:00 DEBUG 1672 --- [ms-gestion-faenas] [           main] org.hibernate.type.BasicTypeRegistry     : Adding type registration java.sql.Timestamp -> org.hibernate.type.BasicTypeReference@289f15e9
2024-10-12T19:35:35.325-03:00 DEBUG 1672 --- [ms-gestion-faenas] [           main] org.hibernate.type.BasicTypeRegistry     : Adding type registration java.util.Date -> org.hibernate.type.BasicTypeReference@289f15e9
2024-10-12T19:35:35.325-03:00 DEBUG 1672 --- [ms-gestion-faenas] [           main] org.hibernate.type.BasicTypeRegistry     : Adding type registration calendar -> org.hibernate.type.BasicTypeReference@7f22687e
2024-10-12T19:35:35.325-03:00 DEBUG 1672 --- [ms-gestion-faenas] [           main] org.hibernate.type.BasicTypeRegistry     : Adding type registration java.util.Calendar -> org.hibernate.type.BasicTypeReference@7f22687e
2024-10-12T19:35:35.325-03:00 DEBUG 1672 --- [ms-gestion-faenas] [           main] org.hibernate.type.BasicTypeRegistry     : Adding type registration java.util.GregorianCalendar -> org.hibernate.type.BasicTypeReference@7f22687e
2024-10-12T19:35:35.325-03:00 DEBUG 1672 --- [ms-gestion-faenas] [           main] org.hibernate.type.BasicTypeRegistry     : Adding type registration calendar_date -> org.hibernate.type.BasicTypeReference@6af87130
2024-10-12T19:35:35.325-03:00 DEBUG 1672 --- [ms-gestion-faenas] [           main] org.hibernate.type.BasicTypeRegistry     : Adding type registration calendar_time -> org.hibernate.type.BasicTypeReference@22a4ca4a
2024-10-12T19:35:35.330-03:00 DEBUG 1672 --- [ms-gestion-faenas] [           main] org.hibernate.type.BasicTypeRegistry     : Adding type registration instant -> org.hibernate.type.BasicTypeReference@72c4a3aa
2024-10-12T19:35:35.330-03:00 DEBUG 1672 --- [ms-gestion-faenas] [           main] org.hibernate.type.BasicTypeRegistry     : Adding type registration java.time.Instant -> org.hibernate.type.BasicTypeReference@72c4a3aa
2024-10-12T19:35:35.330-03:00 DEBUG 1672 --- [ms-gestion-faenas] [           main] org.hibernate.type.BasicTypeRegistry     : Adding type registration uuid -> org.hibernate.type.BasicTypeReference@1e495414
2024-10-12T19:35:35.331-03:00 DEBUG 1672 --- [ms-gestion-faenas] [           main] org.hibernate.type.BasicTypeRegistry     : Adding type registration java.util.UUID -> org.hibernate.type.BasicTypeReference@1e495414
2024-10-12T19:35:35.331-03:00 DEBUG 1672 --- [ms-gestion-faenas] [           main] org.hibernate.type.BasicTypeRegistry     : Adding type registration pg-uuid -> org.hibernate.type.BasicTypeReference@1e495414
2024-10-12T19:35:35.331-03:00 DEBUG 1672 --- [ms-gestion-faenas] [           main] org.hibernate.type.BasicTypeRegistry     : Adding type registration uuid-binary -> org.hibernate.type.BasicTypeReference@3711c71c
2024-10-12T19:35:35.331-03:00 DEBUG 1672 --- [ms-gestion-faenas] [           main] org.hibernate.type.BasicTypeRegistry     : Adding type registration uuid-char -> org.hibernate.type.BasicTypeReference@33e3bd2e
2024-10-12T19:35:35.331-03:00 DEBUG 1672 --- [ms-gestion-faenas] [           main] org.hibernate.type.BasicTypeRegistry     : Adding type registration class -> org.hibernate.type.BasicTypeReference@646d810b
2024-10-12T19:35:35.331-03:00 DEBUG 1672 --- [ms-gestion-faenas] [           main] org.hibernate.type.BasicTypeRegistry     : Adding type registration java.lang.Class -> org.hibernate.type.BasicTypeReference@646d810b
2024-10-12T19:35:35.331-03:00 DEBUG 1672 --- [ms-gestion-faenas] [           main] org.hibernate.type.BasicTypeRegistry     : Adding type registration currency -> org.hibernate.type.BasicTypeReference@30508066
2024-10-12T19:35:35.331-03:00 DEBUG 1672 --- [ms-gestion-faenas] [           main] org.hibernate.type.BasicTypeRegistry     : Adding type registration Currency -> org.hibernate.type.BasicTypeReference@30508066
2024-10-12T19:35:35.331-03:00 DEBUG 1672 --- [ms-gestion-faenas] [           main] org.hibernate.type.BasicTypeRegistry     : Adding type registration java.util.Currency -> org.hibernate.type.BasicTypeReference@30508066
2024-10-12T19:35:35.331-03:00 DEBUG 1672 --- [ms-gestion-faenas] [           main] org.hibernate.type.BasicTypeRegistry     : Adding type registration locale -> org.hibernate.type.BasicTypeReference@27e44e9c
2024-10-12T19:35:35.331-03:00 DEBUG 1672 --- [ms-gestion-faenas] [           main] org.hibernate.type.BasicTypeRegistry     : Adding type registration java.util.Locale -> org.hibernate.type.BasicTypeReference@27e44e9c
2024-10-12T19:35:35.331-03:00 DEBUG 1672 --- [ms-gestion-faenas] [           main] org.hibernate.type.BasicTypeRegistry     : Adding type registration serializable -> org.hibernate.type.BasicTypeReference@2f09e6b2
2024-10-12T19:35:35.331-03:00 DEBUG 1672 --- [ms-gestion-faenas] [           main] org.hibernate.type.BasicTypeRegistry     : Adding type registration java.io.Serializable -> org.hibernate.type.BasicTypeReference@2f09e6b2
2024-10-12T19:35:35.331-03:00 DEBUG 1672 --- [ms-gestion-faenas] [           main] org.hibernate.type.BasicTypeRegistry     : Adding type registration timezone -> org.hibernate.type.BasicTypeReference@1bee0085
2024-10-12T19:35:35.331-03:00 DEBUG 1672 --- [ms-gestion-faenas] [           main] org.hibernate.type.BasicTypeRegistry     : Adding type registration java.util.TimeZone -> org.hibernate.type.BasicTypeReference@1bee0085
2024-10-12T19:35:35.331-03:00 DEBUG 1672 --- [ms-gestion-faenas] [           main] org.hibernate.type.BasicTypeRegistry     : Adding type registration ZoneOffset -> org.hibernate.type.BasicTypeReference@16e1219f
2024-10-12T19:35:35.331-03:00 DEBUG 1672 --- [ms-gestion-faenas] [           main] org.hibernate.type.BasicTypeRegistry     : Adding type registration java.time.ZoneOffset -> org.hibernate.type.BasicTypeReference@16e1219f
2024-10-12T19:35:35.331-03:00 DEBUG 1672 --- [ms-gestion-faenas] [           main] org.hibernate.type.BasicTypeRegistry     : Adding type registration url -> org.hibernate.type.BasicTypeReference@13f40d71
2024-10-12T19:35:35.331-03:00 DEBUG 1672 --- [ms-gestion-faenas] [           main] org.hibernate.type.BasicTypeRegistry     : Adding type registration java.net.URL -> org.hibernate.type.BasicTypeReference@13f40d71
2024-10-12T19:35:35.331-03:00 DEBUG 1672 --- [ms-gestion-faenas] [           main] org.hibernate.type.BasicTypeRegistry     : Adding type registration vector -> org.hibernate.type.BasicTypeReference@73a845cb
2024-10-12T19:35:35.331-03:00 DEBUG 1672 --- [ms-gestion-faenas] [           main] org.hibernate.type.BasicTypeRegistry     : Adding type registration row_version -> org.hibernate.type.BasicTypeReference@18a98913
2024-10-12T19:35:35.331-03:00 DEBUG 1672 --- [ms-gestion-faenas] [           main] org.hibernate.type.BasicTypeRegistry     : Adding type registration object -> org.hibernate.type.JavaObjectType@6d6cd1e0
2024-10-12T19:35:35.331-03:00 DEBUG 1672 --- [ms-gestion-faenas] [           main] org.hibernate.type.BasicTypeRegistry     : Adding type registration java.lang.Object -> org.hibernate.type.JavaObjectType@6d6cd1e0
2024-10-12T19:35:35.349-03:00 DEBUG 1672 --- [ms-gestion-faenas] [           main] org.hibernate.type.BasicTypeRegistry     : Adding type registration null -> org.hibernate.type.NullType@342beaf6
2024-10-12T19:35:35.349-03:00 DEBUG 1672 --- [ms-gestion-faenas] [           main] org.hibernate.type.BasicTypeRegistry     : Adding type registration imm_date -> org.hibernate.type.BasicTypeReference@222acad
2024-10-12T19:35:35.349-03:00 DEBUG 1672 --- [ms-gestion-faenas] [           main] org.hibernate.type.BasicTypeRegistry     : Adding type registration imm_time -> org.hibernate.type.BasicTypeReference@56cfe6be
2024-10-12T19:35:35.351-03:00 DEBUG 1672 --- [ms-gestion-faenas] [           main] org.hibernate.type.BasicTypeRegistry     : Adding type registration imm_timestamp -> org.hibernate.type.BasicTypeReference@7f0d8eff
2024-10-12T19:35:35.351-03:00 DEBUG 1672 --- [ms-gestion-faenas] [           main] org.hibernate.type.BasicTypeRegistry     : Adding type registration imm_calendar -> org.hibernate.type.BasicTypeReference@149aa7b2
2024-10-12T19:35:35.351-03:00 DEBUG 1672 --- [ms-gestion-faenas] [           main] org.hibernate.type.BasicTypeRegistry     : Adding type registration imm_calendar_date -> org.hibernate.type.BasicTypeReference@3ca3648
2024-10-12T19:35:35.351-03:00 DEBUG 1672 --- [ms-gestion-faenas] [           main] org.hibernate.type.BasicTypeRegistry     : Adding type registration imm_calendar_time -> org.hibernate.type.BasicTypeReference@2a99ca99
2024-10-12T19:35:35.351-03:00 DEBUG 1672 --- [ms-gestion-faenas] [           main] org.hibernate.type.BasicTypeRegistry     : Adding type registration imm_binary -> org.hibernate.type.BasicTypeReference@39f0c343
2024-10-12T19:35:35.351-03:00 DEBUG 1672 --- [ms-gestion-faenas] [           main] org.hibernate.type.BasicTypeRegistry     : Adding type registration imm_serializable -> org.hibernate.type.BasicTypeReference@781654f8
2024-10-12T19:35:35.381-03:00 DEBUG 1672 --- [ms-gestion-faenas] [           main] o.h.boot.internal.BootstrapContextImpl   : Injecting JPA temp ClassLoader [org.springframework.instrument.classloading.SimpleThrowawayClassLoader@76e4212] into BootstrapContext; was [null]
2024-10-12T19:35:35.381-03:00 DEBUG 1672 --- [ms-gestion-faenas] [           main] o.h.boot.internal.ClassLoaderAccessImpl  : ClassLoaderAccessImpl#injectTempClassLoader(org.springframework.instrument.classloading.SimpleThrowawayClassLoader@76e4212) [was null]
2024-10-12T19:35:35.381-03:00 DEBUG 1672 --- [ms-gestion-faenas] [           main] o.h.boot.internal.BootstrapContextImpl   : Injecting ScanEnvironment [org.hibernate.jpa.boot.internal.StandardJpaScanEnvironmentImpl@4c635edc] into BootstrapContext; was [null]
2024-10-12T19:35:35.381-03:00 DEBUG 1672 --- [ms-gestion-faenas] [           main] o.h.boot.internal.BootstrapContextImpl   : Injecting ScanOptions [org.hibernate.boot.archive.scan.internal.StandardScanOptions@4245bf68] into BootstrapContext; was [org.hibernate.boot.archive.scan.internal.StandardScanOptions@45bbc52f]
2024-10-12T19:35:35.939-03:00  INFO 1672 --- [ms-gestion-faenas] [           main] o.s.o.j.p.SpringPersistenceUnitInfo      : No LoadTimeWeaver setup: ignoring JPA class transformer
2024-10-12T19:35:35.939-03:00 DEBUG 1672 --- [ms-gestion-faenas] [           main] o.h.boot.internal.BootstrapContextImpl   : Injecting JPA temp ClassLoader [null] into BootstrapContext; was [org.springframework.instrument.classloading.SimpleThrowawayClassLoader@76e4212]
2024-10-12T19:35:35.939-03:00 DEBUG 1672 --- [ms-gestion-faenas] [           main] o.h.boot.internal.ClassLoaderAccessImpl  : ClassLoaderAccessImpl#injectTempClassLoader(null) [was org.springframework.instrument.classloading.SimpleThrowawayClassLoader@76e4212]
2024-10-12T19:35:36.020-03:00 DEBUG 1672 --- [ms-gestion-faenas] [           main] com.zaxxer.hikari.HikariConfig           : HikariPool-1 - configuration:
2024-10-12T19:35:36.043-03:00 DEBUG 1672 --- [ms-gestion-faenas] [           main] com.zaxxer.hikari.HikariConfig           : allowPoolSuspension.............false
2024-10-12T19:35:36.044-03:00 DEBUG 1672 --- [ms-gestion-faenas] [           main] com.zaxxer.hikari.HikariConfig           : autoCommit......................true
2024-10-12T19:35:36.047-03:00 DEBUG 1672 --- [ms-gestion-faenas] [           main] com.zaxxer.hikari.HikariConfig           : catalog.........................none
2024-10-12T19:35:36.047-03:00 DEBUG 1672 --- [ms-gestion-faenas] [           main] com.zaxxer.hikari.HikariConfig           : connectionInitSql...............none
2024-10-12T19:35:36.047-03:00 DEBUG 1672 --- [ms-gestion-faenas] [           main] com.zaxxer.hikari.HikariConfig           : connectionTestQuery.............none
2024-10-12T19:35:36.049-03:00 DEBUG 1672 --- [ms-gestion-faenas] [           main] com.zaxxer.hikari.HikariConfig           : connectionTimeout...............30000
2024-10-12T19:35:36.049-03:00 DEBUG 1672 --- [ms-gestion-faenas] [           main] com.zaxxer.hikari.HikariConfig           : dataSource......................none
2024-10-12T19:35:36.053-03:00 DEBUG 1672 --- [ms-gestion-faenas] [           main] com.zaxxer.hikari.HikariConfig           : dataSourceClassName.............none
2024-10-12T19:35:36.054-03:00 DEBUG 1672 --- [ms-gestion-faenas] [           main] com.zaxxer.hikari.HikariConfig           : dataSourceJNDI..................none
2024-10-12T19:35:36.062-03:00 DEBUG 1672 --- [ms-gestion-faenas] [           main] com.zaxxer.hikari.HikariConfig           : dataSourceProperties............{password=<masked>}
2024-10-12T19:35:36.062-03:00 DEBUG 1672 --- [ms-gestion-faenas] [           main] com.zaxxer.hikari.HikariConfig           : driverClassName................."oracle.jdbc.OracleDriver"
2024-10-12T19:35:36.062-03:00 DEBUG 1672 --- [ms-gestion-faenas] [           main] com.zaxxer.hikari.HikariConfig           : exceptionOverrideClassName......none
2024-10-12T19:35:36.062-03:00 DEBUG 1672 --- [ms-gestion-faenas] [           main] com.zaxxer.hikari.HikariConfig           : healthCheckProperties...........{}
2024-10-12T19:35:36.062-03:00 DEBUG 1672 --- [ms-gestion-faenas] [           main] com.zaxxer.hikari.HikariConfig           : healthCheckRegistry.............none
2024-10-12T19:35:36.062-03:00 DEBUG 1672 --- [ms-gestion-faenas] [           main] com.zaxxer.hikari.HikariConfig           : idleTimeout.....................600000
2024-10-12T19:35:36.062-03:00 DEBUG 1672 --- [ms-gestion-faenas] [           main] com.zaxxer.hikari.HikariConfig           : initializationFailTimeout.......1
2024-10-12T19:35:36.062-03:00 DEBUG 1672 --- [ms-gestion-faenas] [           main] com.zaxxer.hikari.HikariConfig           : isolateInternalQueries..........false
2024-10-12T19:35:36.062-03:00 DEBUG 1672 --- [ms-gestion-faenas] [           main] com.zaxxer.hikari.HikariConfig           : jdbcUrl.........................jdbc:oracle:thin:@dbcapstone_high?TNS_ADMIN=C:/Users/HP/Desktop/Capstone/Wallet_DbCapstone
2024-10-12T19:35:36.062-03:00 DEBUG 1672 --- [ms-gestion-faenas] [           main] com.zaxxer.hikari.HikariConfig           : keepaliveTime...................0
2024-10-12T19:35:36.072-03:00 DEBUG 1672 --- [ms-gestion-faenas] [           main] com.zaxxer.hikari.HikariConfig           : leakDetectionThreshold..........0
2024-10-12T19:35:36.072-03:00 DEBUG 1672 --- [ms-gestion-faenas] [           main] com.zaxxer.hikari.HikariConfig           : maxLifetime.....................1800000
2024-10-12T19:35:36.072-03:00 DEBUG 1672 --- [ms-gestion-faenas] [           main] com.zaxxer.hikari.HikariConfig           : maximumPoolSize.................10
2024-10-12T19:35:36.072-03:00 DEBUG 1672 --- [ms-gestion-faenas] [           main] com.zaxxer.hikari.HikariConfig           : metricRegistry..................none
2024-10-12T19:35:36.072-03:00 DEBUG 1672 --- [ms-gestion-faenas] [           main] com.zaxxer.hikari.HikariConfig           : metricsTrackerFactory...........none
2024-10-12T19:35:36.072-03:00 DEBUG 1672 --- [ms-gestion-faenas] [           main] com.zaxxer.hikari.HikariConfig           : minimumIdle.....................10
2024-10-12T19:35:36.072-03:00 DEBUG 1672 --- [ms-gestion-faenas] [           main] com.zaxxer.hikari.HikariConfig           : password........................<masked>
2024-10-12T19:35:36.072-03:00 DEBUG 1672 --- [ms-gestion-faenas] [           main] com.zaxxer.hikari.HikariConfig           : poolName........................"HikariPool-1"
2024-10-12T19:35:36.072-03:00 DEBUG 1672 --- [ms-gestion-faenas] [           main] com.zaxxer.hikari.HikariConfig           : readOnly........................false
2024-10-12T19:35:36.072-03:00 DEBUG 1672 --- [ms-gestion-faenas] [           main] com.zaxxer.hikari.HikariConfig           : registerMbeans..................false
2024-10-12T19:35:36.072-03:00 DEBUG 1672 --- [ms-gestion-faenas] [           main] com.zaxxer.hikari.HikariConfig           : scheduledExecutor...............none
2024-10-12T19:35:36.072-03:00 DEBUG 1672 --- [ms-gestion-faenas] [           main] com.zaxxer.hikari.HikariConfig           : schema..........................none
2024-10-12T19:35:36.072-03:00 DEBUG 1672 --- [ms-gestion-faenas] [           main] com.zaxxer.hikari.HikariConfig           : threadFactory...................internal
2024-10-12T19:35:36.072-03:00 DEBUG 1672 --- [ms-gestion-faenas] [           main] com.zaxxer.hikari.HikariConfig           : transactionIsolation............default
2024-10-12T19:35:36.072-03:00 DEBUG 1672 --- [ms-gestion-faenas] [           main] com.zaxxer.hikari.HikariConfig           : username........................"ADMIN"
2024-10-12T19:35:36.072-03:00 DEBUG 1672 --- [ms-gestion-faenas] [           main] com.zaxxer.hikari.HikariConfig           : validationTimeout...............5000
2024-10-12T19:35:36.072-03:00  INFO 1672 --- [ms-gestion-faenas] [           main] com.zaxxer.hikari.HikariDataSource       : HikariPool-1 - Starting...
2024-10-12T19:35:37.945-03:00  INFO 1672 --- [ms-gestion-faenas] [           main] com.zaxxer.hikari.pool.HikariPool        : HikariPool-1 - Added connection oracle.jdbc.driver.T4CConnection@4ebfb045
2024-10-12T19:35:37.945-03:00  INFO 1672 --- [ms-gestion-faenas] [           main] com.zaxxer.hikari.HikariDataSource       : HikariPool-1 - Start completed.
2024-10-12T19:35:37.960-03:00 DEBUG 1672 --- [ms-gestion-faenas] [           main] o.h.e.j.e.i.JdbcEnvironmentInitiator     : Database ->
	   name : Oracle
	version : Oracle Database 19c Enterprise Edition Release 19.0.0.0.0 - Production
Version 19.25.0.1.0
	  major : 19
	  minor : 1
2024-10-12T19:35:37.960-03:00 DEBUG 1672 --- [ms-gestion-faenas] [           main] o.h.e.j.e.i.JdbcEnvironmentInitiator     : Driver ->
	   name : Oracle JDBC driver
	version : 19.18.0.0.0
	  major : 19
	  minor : 18
2024-10-12T19:35:37.960-03:00 DEBUG 1672 --- [ms-gestion-faenas] [           main] o.h.e.j.e.i.JdbcEnvironmentInitiator     : JDBC version : 4.2
2024-10-12T19:35:38.068-03:00 DEBUG 1672 --- [ms-gestion-faenas] [l-1 housekeeper] com.zaxxer.hikari.pool.HikariPool        : HikariPool-1 - Pool stats (total=1, active=1, idle=0, waiting=0)
2024-10-12T19:35:38.336-03:00  WARN 1672 --- [ms-gestion-faenas] [           main] org.hibernate.orm.deprecation            : HHH90000025: OracleDialect does not need to be specified explicitly using 'hibernate.dialect' (remove the property setting and it will be selected by default)
2024-10-12T19:35:38.339-03:00 DEBUG 1672 --- [ms-gestion-faenas] [           main] org.hibernate.orm.dialect                : HHH035001: Using dialect: org.hibernate.dialect.OracleDialect, version: 19.1
2024-10-12T19:35:38.394-03:00 DEBUG 1672 --- [ms-gestion-faenas] [onnection adder] com.zaxxer.hikari.pool.HikariPool        : HikariPool-1 - Added connection oracle.jdbc.driver.T4CConnection@9651f04
2024-10-12T19:35:38.426-03:00 DEBUG 1672 --- [ms-gestion-faenas] [onnection adder] com.zaxxer.hikari.pool.HikariPool        : HikariPool-1 - After adding stats (total=2, active=0, idle=2, waiting=0)
2024-10-12T19:35:38.446-03:00 DEBUG 1672 --- [ms-gestion-faenas] [           main] o.h.t.d.jdbc.spi.JdbcTypeRegistry        : addDescriptor(NCharTypeDescriptor) replaced previous registration(CharTypeDescriptor)
2024-10-12T19:35:38.447-03:00 DEBUG 1672 --- [ms-gestion-faenas] [           main] o.h.t.d.jdbc.spi.JdbcTypeRegistry        : addDescriptor(NVarcharTypeDescriptor) replaced previous registration(VarcharTypeDescriptor)
2024-10-12T19:35:38.448-03:00 DEBUG 1672 --- [ms-gestion-faenas] [           main] o.h.t.d.jdbc.spi.JdbcTypeRegistry        : addDescriptor(LongNVarcharTypeDescriptor) replaced previous registration(LongVarcharTypeDescriptor)
2024-10-12T19:35:38.455-03:00 DEBUG 1672 --- [ms-gestion-faenas] [           main] o.h.t.d.jdbc.spi.JdbcTypeRegistry        : addDescriptor(NClobTypeDescriptor(DEFAULT)) replaced previous registration(ClobTypeDescriptor(DEFAULT))
2024-10-12T19:35:38.456-03:00 DEBUG 1672 --- [ms-gestion-faenas] [           main] o.h.t.d.jdbc.spi.JdbcTypeRegistry        : addDescriptor(2005, ClobTypeDescriptor(STREAM_BINDING)) replaced previous registration(ClobTypeDescriptor(DEFAULT))
2024-10-12T19:35:38.461-03:00 DEBUG 1672 --- [ms-gestion-faenas] [           main] o.h.t.d.jdbc.spi.JdbcTypeRegistry        : addDescriptor(BooleanTypeDescriptor) replaced previous registration(BooleanTypeDescriptor)
2024-10-12T19:35:38.482-03:00 DEBUG 1672 --- [ms-gestion-faenas] [           main] org.hibernate.type.BasicTypeRegistry     : Adding type registration null -> org.hibernate.type.NullType@7438c3d5
2024-10-12T19:35:38.482-03:00 DEBUG 1672 --- [ms-gestion-faenas] [           main] org.hibernate.type.BasicTypeRegistry     : Type registration key [null] overrode previous entry : `org.hibernate.type.NullType@342beaf6`
2024-10-12T19:35:38.486-03:00 DEBUG 1672 --- [ms-gestion-faenas] [           main] org.hibernate.type.BasicTypeRegistry     : Adding type registration JAVA_OBJECT -> org.hibernate.type.JavaObjectType@776e7dfb
2024-10-12T19:35:38.486-03:00 DEBUG 1672 --- [ms-gestion-faenas] [           main] org.hibernate.type.BasicTypeRegistry     : Adding type registration java.lang.Object -> org.hibernate.type.JavaObjectType@776e7dfb
2024-10-12T19:35:38.486-03:00 DEBUG 1672 --- [ms-gestion-faenas] [           main] org.hibernate.type.BasicTypeRegistry     : Type registration key [java.lang.Object] overrode previous entry : `org.hibernate.type.JavaObjectType@6d6cd1e0`
2024-10-12T19:35:38.497-03:00 DEBUG 1672 --- [ms-gestion-faenas] [           main] org.hibernate.type.BasicTypeRegistry     : Adding type registration org.hibernate.type.DurationType -> basicType@1(java.time.Duration,3015)
2024-10-12T19:35:38.498-03:00 DEBUG 1672 --- [ms-gestion-faenas] [           main] org.hibernate.type.BasicTypeRegistry     : Adding type registration Duration -> basicType@1(java.time.Duration,3015)
2024-10-12T19:35:38.498-03:00 DEBUG 1672 --- [ms-gestion-faenas] [           main] org.hibernate.type.BasicTypeRegistry     : Adding type registration java.time.Duration -> basicType@1(java.time.Duration,3015)
2024-10-12T19:35:38.512-03:00 DEBUG 1672 --- [ms-gestion-faenas] [           main] o.h.type.spi.TypeConfiguration$Scope     : Scoping TypeConfiguration [org.hibernate.type.spi.TypeConfiguration@6ec98ccc] to MetadataBuildingContext [org.hibernate.boot.internal.MetadataBuildingContextRootImpl@441aa7ae]
2024-10-12T19:35:38.619-03:00 DEBUG 1672 --- [ms-gestion-faenas] [           main] o.h.boot.model.relational.Namespace      : Created database namespace [logicalName=Name{catalog=null, schema=null}, physicalName=Name{catalog=null, schema=null}]
2024-10-12T19:35:38.703-03:00 DEBUG 1672 --- [ms-gestion-faenas] [           main] o.h.boot.model.internal.EntityBinder     : Binding entity from annotated class: cl.capstone.ms_gestion_faenas.model.Faena
2024-10-12T19:35:38.712-03:00 DEBUG 1672 --- [ms-gestion-faenas] [onnection adder] com.zaxxer.hikari.pool.HikariPool        : HikariPool-1 - Added connection oracle.jdbc.driver.T4CConnection@71c5dbf4
2024-10-12T19:35:38.730-03:00 DEBUG 1672 --- [ms-gestion-faenas] [           main] o.h.boot.model.internal.EntityBinder     : Import with entity name Faena
2024-10-12T19:35:38.744-03:00 DEBUG 1672 --- [ms-gestion-faenas] [onnection adder] com.zaxxer.hikari.pool.HikariPool        : HikariPool-1 - After adding stats (total=3, active=0, idle=3, waiting=0)
2024-10-12T19:35:38.756-03:00 DEBUG 1672 --- [ms-gestion-faenas] [           main] o.h.boot.model.internal.EntityBinder     : Bind entity cl.capstone.ms_gestion_faenas.model.Faena on table faena
2024-10-12T19:35:38.799-03:00 DEBUG 1672 --- [ms-gestion-faenas] [           main] o.h.boot.model.internal.AnnotatedColumn  : Binding column: AnnotatedDiscriminatorColumn(column='DTYPE')
2024-10-12T19:35:38.864-03:00 DEBUG 1672 --- [ms-gestion-faenas] [           main] o.h.boot.model.internal.AnnotatedColumn  : Binding column: AnnotatedColumn(column='ID_FAENA')
2024-10-12T19:35:38.867-03:00 DEBUG 1672 --- [ms-gestion-faenas] [           main] o.h.boot.internal.ClassLoaderAccessImpl  : Not known whether passed class name [cl.capstone.ms_gestion_faenas.model.Faena] is safe
2024-10-12T19:35:38.868-03:00 DEBUG 1672 --- [ms-gestion-faenas] [           main] o.h.boot.internal.ClassLoaderAccessImpl  : No temp ClassLoader provided; using live ClassLoader for loading potentially unsafe class : cl.capstone.ms_gestion_faenas.model.Faena
2024-10-12T19:35:38.882-03:00 DEBUG 1672 --- [ms-gestion-faenas] [           main] o.h.boot.model.internal.PropertyBinder   : MetadataSourceProcessor property idFaena with lazy=false
2024-10-12T19:35:38.892-03:00 DEBUG 1672 --- [ms-gestion-faenas] [           main] o.h.b.m.internal.AbstractPropertyHolder  : Attempting to locate auto-apply AttributeConverter for property [cl.capstone.ms_gestion_faenas.model.Faena:idFaena]
2024-10-12T19:35:38.903-03:00 DEBUG 1672 --- [ms-gestion-faenas] [           main] o.h.b.model.internal.BasicValueBinder    : building BasicValue for idFaena
2024-10-12T19:35:38.912-03:00 DEBUG 1672 --- [ms-gestion-faenas] [           main] org.hibernate.mapping.BasicValue         : Skipping column re-registration: faena.id_faena
2024-10-12T19:35:38.913-03:00 DEBUG 1672 --- [ms-gestion-faenas] [           main] o.h.boot.model.internal.PropertyBinder   : Building property idFaena
2024-10-12T19:35:38.922-03:00 DEBUG 1672 --- [ms-gestion-faenas] [           main] o.h.boot.model.internal.BinderHelper     : #makeIdGenerator(BasicValue([Column(id_faena)]), idFaena, identity, , ...)
2024-10-12T19:35:38.925-03:00 DEBUG 1672 --- [ms-gestion-faenas] [           main] o.h.boot.model.internal.AnnotatedColumn  : Binding column: AnnotatedColumn(column='ENCARGADO')
2024-10-12T19:35:38.925-03:00 DEBUG 1672 --- [ms-gestion-faenas] [           main] o.h.boot.model.internal.PropertyBinder   : MetadataSourceProcessor property encargado with lazy=false
2024-10-12T19:35:38.926-03:00 DEBUG 1672 --- [ms-gestion-faenas] [           main] o.h.b.m.internal.AbstractPropertyHolder  : Attempting to locate auto-apply AttributeConverter for property [cl.capstone.ms_gestion_faenas.model.Faena:encargado]
2024-10-12T19:35:38.926-03:00 DEBUG 1672 --- [ms-gestion-faenas] [           main] o.h.b.model.internal.BasicValueBinder    : building BasicValue for encargado
2024-10-12T19:35:38.927-03:00 DEBUG 1672 --- [ms-gestion-faenas] [           main] org.hibernate.mapping.BasicValue         : Skipping column re-registration: faena.encargado
2024-10-12T19:35:38.927-03:00 DEBUG 1672 --- [ms-gestion-faenas] [           main] o.h.boot.model.internal.PropertyBinder   : Building property encargado
2024-10-12T19:35:38.930-03:00 DEBUG 1672 --- [ms-gestion-faenas] [           main] o.h.boot.model.internal.AnnotatedColumn  : Binding column: AnnotatedColumn(column='FECHA_INICIO')
2024-10-12T19:35:38.930-03:00 DEBUG 1672 --- [ms-gestion-faenas] [           main] o.h.boot.model.internal.PropertyBinder   : MetadataSourceProcessor property fechaInicio with lazy=false
2024-10-12T19:35:38.931-03:00 DEBUG 1672 --- [ms-gestion-faenas] [           main] o.h.b.m.internal.AbstractPropertyHolder  : Attempting to locate auto-apply AttributeConverter for property [cl.capstone.ms_gestion_faenas.model.Faena:fechaInicio]
2024-10-12T19:35:38.932-03:00 DEBUG 1672 --- [ms-gestion-faenas] [           main] o.h.b.model.internal.BasicValueBinder    : building BasicValue for fechaInicio
2024-10-12T19:35:38.933-03:00 DEBUG 1672 --- [ms-gestion-faenas] [           main] org.hibernate.mapping.BasicValue         : Skipping column re-registration: faena.fecha_inicio
2024-10-12T19:35:38.933-03:00 DEBUG 1672 --- [ms-gestion-faenas] [           main] o.h.boot.model.internal.PropertyBinder   : Building property fechaInicio
2024-10-12T19:35:38.934-03:00 DEBUG 1672 --- [ms-gestion-faenas] [           main] o.h.boot.model.internal.AnnotatedColumn  : Binding column: AnnotatedColumn(column='FECHA_TERMINO')
2024-10-12T19:35:38.936-03:00 DEBUG 1672 --- [ms-gestion-faenas] [           main] o.h.boot.model.internal.PropertyBinder   : MetadataSourceProcessor property fechaTermino with lazy=false
2024-10-12T19:35:38.936-03:00 DEBUG 1672 --- [ms-gestion-faenas] [           main] o.h.b.m.internal.AbstractPropertyHolder  : Attempting to locate auto-apply AttributeConverter for property [cl.capstone.ms_gestion_faenas.model.Faena:fechaTermino]
2024-10-12T19:35:38.937-03:00 DEBUG 1672 --- [ms-gestion-faenas] [           main] o.h.b.model.internal.BasicValueBinder    : building BasicValue for fechaTermino
2024-10-12T19:35:38.938-03:00 DEBUG 1672 --- [ms-gestion-faenas] [           main] org.hibernate.mapping.BasicValue         : Skipping column re-registration: faena.fecha_termino
2024-10-12T19:35:38.940-03:00 DEBUG 1672 --- [ms-gestion-faenas] [           main] o.h.boot.model.internal.PropertyBinder   : Building property fechaTermino
2024-10-12T19:35:38.941-03:00 DEBUG 1672 --- [ms-gestion-faenas] [           main] o.h.boot.model.internal.AnnotatedColumn  : Binding column: AnnotatedColumn(column='NOMBRE')
2024-10-12T19:35:38.942-03:00 DEBUG 1672 --- [ms-gestion-faenas] [           main] o.h.boot.model.internal.PropertyBinder   : MetadataSourceProcessor property nombre with lazy=false
2024-10-12T19:35:38.942-03:00 DEBUG 1672 --- [ms-gestion-faenas] [           main] o.h.b.m.internal.AbstractPropertyHolder  : Attempting to locate auto-apply AttributeConverter for property [cl.capstone.ms_gestion_faenas.model.Faena:nombre]
2024-10-12T19:35:38.942-03:00 DEBUG 1672 --- [ms-gestion-faenas] [           main] o.h.b.model.internal.BasicValueBinder    : building BasicValue for nombre
2024-10-12T19:35:38.943-03:00 DEBUG 1672 --- [ms-gestion-faenas] [           main] org.hibernate.mapping.BasicValue         : Skipping column re-registration: faena.nombre
2024-10-12T19:35:38.943-03:00 DEBUG 1672 --- [ms-gestion-faenas] [           main] o.h.boot.model.internal.PropertyBinder   : Building property nombre
2024-10-12T19:35:38.947-03:00 DEBUG 1672 --- [ms-gestion-faenas] [           main] o.h.boot.model.internal.AnnotatedColumn  : Binding column: AnnotatedJoinColumn(column='ID_TIPO_FAENA',referencedColumn='ID_TIPO_FAENA')
2024-10-12T19:35:38.952-03:00 DEBUG 1672 --- [ms-gestion-faenas] [           main] o.h.boot.model.internal.AnnotatedColumn  : Binding column: AnnotatedColumn()
2024-10-12T19:35:38.963-03:00 DEBUG 1672 --- [ms-gestion-faenas] [           main] o.h.boot.model.internal.PropertyBinder   : Building property tipoFaena
2024-10-12T19:35:38.968-03:00 DEBUG 1672 --- [ms-gestion-faenas] [           main] o.h.b.r.c.i.ClassLoaderServiceImpl       : HHH000194: Package not found or no package-info.java: cl.capstone.ms_gestion_faenas.model
2024-10-12T19:35:38.980-03:00 DEBUG 1672 --- [ms-gestion-faenas] [           main] o.h.boot.model.internal.EntityBinder     : Binding entity from annotated class: cl.capstone.ms_gestion_faenas.model.TipoFaena
2024-10-12T19:35:38.980-03:00 DEBUG 1672 --- [ms-gestion-faenas] [           main] o.h.boot.model.internal.EntityBinder     : Import with entity name TipoFaena
2024-10-12T19:35:38.981-03:00 DEBUG 1672 --- [ms-gestion-faenas] [           main] o.h.boot.model.internal.EntityBinder     : Bind entity cl.capstone.ms_gestion_faenas.model.TipoFaena on table tipo_faena
2024-10-12T19:35:38.981-03:00 DEBUG 1672 --- [ms-gestion-faenas] [           main] o.h.boot.model.internal.AnnotatedColumn  : Binding column: AnnotatedDiscriminatorColumn(column='DTYPE')
2024-10-12T19:35:38.983-03:00 DEBUG 1672 --- [ms-gestion-faenas] [           main] o.h.boot.model.internal.AnnotatedColumn  : Binding column: AnnotatedColumn(column='ID_TIPO_FAENA')
2024-10-12T19:35:38.984-03:00 DEBUG 1672 --- [ms-gestion-faenas] [           main] o.h.boot.internal.ClassLoaderAccessImpl  : Not known whether passed class name [cl.capstone.ms_gestion_faenas.model.TipoFaena] is safe
2024-10-12T19:35:38.984-03:00 DEBUG 1672 --- [ms-gestion-faenas] [           main] o.h.boot.internal.ClassLoaderAccessImpl  : No temp ClassLoader provided; using live ClassLoader for loading potentially unsafe class : cl.capstone.ms_gestion_faenas.model.TipoFaena
2024-10-12T19:35:38.984-03:00 DEBUG 1672 --- [ms-gestion-faenas] [           main] o.h.boot.model.internal.PropertyBinder   : MetadataSourceProcessor property idTipoFaena with lazy=false
2024-10-12T19:35:38.985-03:00 DEBUG 1672 --- [ms-gestion-faenas] [           main] o.h.b.m.internal.AbstractPropertyHolder  : Attempting to locate auto-apply AttributeConverter for property [cl.capstone.ms_gestion_faenas.model.TipoFaena:idTipoFaena]
2024-10-12T19:35:38.985-03:00 DEBUG 1672 --- [ms-gestion-faenas] [           main] o.h.b.model.internal.BasicValueBinder    : building BasicValue for idTipoFaena
2024-10-12T19:35:38.985-03:00 DEBUG 1672 --- [ms-gestion-faenas] [           main] org.hibernate.mapping.BasicValue         : Skipping column re-registration: tipo_faena.id_tipo_faena
2024-10-12T19:35:38.985-03:00 DEBUG 1672 --- [ms-gestion-faenas] [           main] o.h.boot.model.internal.PropertyBinder   : Building property idTipoFaena
2024-10-12T19:35:38.986-03:00 DEBUG 1672 --- [ms-gestion-faenas] [           main] o.h.boot.model.internal.BinderHelper     : #makeIdGenerator(BasicValue([Column(id_tipo_faena)]), idTipoFaena, identity, , ...)
2024-10-12T19:35:38.986-03:00 DEBUG 1672 --- [ms-gestion-faenas] [           main] o.h.boot.model.internal.AnnotatedColumn  : Binding column: AnnotatedColumn(column='DESCRIPCION_FAENA')
2024-10-12T19:35:38.987-03:00 DEBUG 1672 --- [ms-gestion-faenas] [           main] o.h.boot.model.internal.PropertyBinder   : MetadataSourceProcessor property descripcionFaena with lazy=false
2024-10-12T19:35:38.987-03:00 DEBUG 1672 --- [ms-gestion-faenas] [           main] o.h.b.m.internal.AbstractPropertyHolder  : Attempting to locate auto-apply AttributeConverter for property [cl.capstone.ms_gestion_faenas.model.TipoFaena:descripcionFaena]
2024-10-12T19:35:38.987-03:00 DEBUG 1672 --- [ms-gestion-faenas] [           main] o.h.b.model.internal.BasicValueBinder    : building BasicValue for descripcionFaena
2024-10-12T19:35:38.987-03:00 DEBUG 1672 --- [ms-gestion-faenas] [           main] org.hibernate.mapping.BasicValue         : Skipping column re-registration: tipo_faena.descripcion_faena
2024-10-12T19:35:38.988-03:00 DEBUG 1672 --- [ms-gestion-faenas] [           main] o.h.boot.model.internal.PropertyBinder   : Building property descripcionFaena
2024-10-12T19:35:38.988-03:00 DEBUG 1672 --- [ms-gestion-faenas] [           main] o.h.boot.model.internal.AnnotatedColumn  : Binding column: AnnotatedColumn(column='NOMBRE_FAENA')
2024-10-12T19:35:38.989-03:00 DEBUG 1672 --- [ms-gestion-faenas] [           main] o.h.boot.model.internal.PropertyBinder   : MetadataSourceProcessor property nombreFaena with lazy=false
2024-10-12T19:35:38.989-03:00 DEBUG 1672 --- [ms-gestion-faenas] [           main] o.h.b.m.internal.AbstractPropertyHolder  : Attempting to locate auto-apply AttributeConverter for property [cl.capstone.ms_gestion_faenas.model.TipoFaena:nombreFaena]
2024-10-12T19:35:38.989-03:00 DEBUG 1672 --- [ms-gestion-faenas] [           main] o.h.b.model.internal.BasicValueBinder    : building BasicValue for nombreFaena
2024-10-12T19:35:38.989-03:00 DEBUG 1672 --- [ms-gestion-faenas] [           main] org.hibernate.mapping.BasicValue         : Skipping column re-registration: tipo_faena.nombre_faena
2024-10-12T19:35:38.990-03:00 DEBUG 1672 --- [ms-gestion-faenas] [           main] o.h.boot.model.internal.PropertyBinder   : Building property nombreFaena
2024-10-12T19:35:38.992-03:00 DEBUG 1672 --- [ms-gestion-faenas] [           main] o.h.b.r.c.i.ClassLoaderServiceImpl       : HHH000194: Package not found or no package-info.java: cl.capstone.ms_gestion_faenas.model
2024-10-12T19:35:38.995-03:00 DEBUG 1672 --- [ms-gestion-faenas] [           main] o.h.b.model.internal.BasicValueBinder    : Starting `BasicValueBinder#fillSimpleValue` for idFaena
2024-10-12T19:35:39.001-03:00 DEBUG 1672 --- [ms-gestion-faenas] [           main] o.h.b.model.internal.BasicValueBinder    : Starting `BasicValueBinder#fillSimpleValue` for encargado
2024-10-12T19:35:39.001-03:00 DEBUG 1672 --- [ms-gestion-faenas] [           main] o.h.b.model.internal.BasicValueBinder    : Starting `BasicValueBinder#fillSimpleValue` for fechaInicio
2024-10-12T19:35:39.002-03:00 DEBUG 1672 --- [ms-gestion-faenas] [           main] o.h.b.model.internal.BasicValueBinder    : Starting `BasicValueBinder#fillSimpleValue` for fechaTermino
2024-10-12T19:35:39.002-03:00 DEBUG 1672 --- [ms-gestion-faenas] [           main] o.h.b.model.internal.BasicValueBinder    : Starting `BasicValueBinder#fillSimpleValue` for nombre
2024-10-12T19:35:39.002-03:00 DEBUG 1672 --- [ms-gestion-faenas] [           main] o.h.b.model.internal.BasicValueBinder    : Starting `BasicValueBinder#fillSimpleValue` for idTipoFaena
2024-10-12T19:35:39.002-03:00 DEBUG 1672 --- [ms-gestion-faenas] [           main] o.h.b.model.internal.BasicValueBinder    : Starting `BasicValueBinder#fillSimpleValue` for descripcionFaena
2024-10-12T19:35:39.003-03:00 DEBUG 1672 --- [ms-gestion-faenas] [           main] o.h.b.model.internal.BasicValueBinder    : Starting `BasicValueBinder#fillSimpleValue` for nombreFaena
2024-10-12T19:35:39.028-03:00 DEBUG 1672 --- [ms-gestion-faenas] [           main] org.hibernate.mapping.PrimaryKey         : Forcing column [id_faena] to be non-null as it is part of the primary key for table [faena]
2024-10-12T19:35:39.029-03:00 DEBUG 1672 --- [ms-gestion-faenas] [           main] org.hibernate.mapping.PrimaryKey         : Forcing column [id_tipo_faena] to be non-null as it is part of the primary key for table [tipo_faena]
2024-10-12T19:35:39.079-03:00 DEBUG 1672 --- [ms-gestion-faenas] [onnection adder] com.zaxxer.hikari.pool.HikariPool        : HikariPool-1 - Added connection oracle.jdbc.driver.T4CConnection@2780bd18
2024-10-12T19:35:39.110-03:00 DEBUG 1672 --- [ms-gestion-faenas] [onnection adder] com.zaxxer.hikari.pool.HikariPool        : HikariPool-1 - After adding stats (total=4, active=0, idle=4, waiting=0)
2024-10-12T19:35:39.299-03:00 DEBUG 1672 --- [ms-gestion-faenas] [           main] o.hibernate.internal.SessionFactoryImpl  : Building session factory
2024-10-12T19:35:39.407-03:00 DEBUG 1672 --- [ms-gestion-faenas] [           main] .h.s.i.SessionFactoryServiceRegistryImpl : EventListenerRegistry access via ServiceRegistry is deprecated.  Use `sessionFactory.getEventEngine().getListenerRegistry()` instead
2024-10-12T19:35:39.407-03:00 DEBUG 1672 --- [ms-gestion-faenas] [           main] o.hibernate.internal.SessionFactoryImpl  : Instantiating SessionFactory with settings: {hibernate.format_sql=true, java.specification.version=21, sun.cpu.isalist=amd64, hibernate.resource.beans.container=org.springframework.orm.hibernate5.SpringBeanContainer@580154b3, hibernate.connection.handling_mode=DELAYED_ACQUISITION_AND_HOLD, sun.jnu.encoding=Cp1252, hibernate.dialect=org.hibernate.dialect.OracleDialect, hibernate.implicit_naming_strategy=org.springframework.boot.orm.jpa.hibernate.SpringImplicitNamingStrategy, java.class.path=c:\Users\HP\Desktop\Capstone\NombreProyecto_Capstone24_DUOC_VM\Fase 2\ms-gestion-faenas\target\test-classes;c:\Users\HP\Desktop\Capstone\NombreProyecto_Capstone24_DUOC_VM\Fase 2\ms-gestion-faenas\target\classes;C:\Users\HP\.m2\repository\org\springframework\boot\spring-boot-starter-data-jpa\3.3.4\spring-boot-starter-data-jpa-3.3.4.jar;C:\Users\HP\.m2\repository\org\springframework\boot\spring-boot-starter-aop\3.3.4\spring-boot-starter-aop-3.3.4.jar;C:\Users\HP\.m2\repository\org\springframework\spring-aop\6.1.13\spring-aop-6.1.13.jar;C:\Users\HP\.m2\repository\org\aspectj\aspectjweaver\1.9.22.1\aspectjweaver-1.9.22.1.jar;C:\Users\HP\.m2\repository\org\springframework\boot\spring-boot-starter-jdbc\3.3.4\spring-boot-starter-jdbc-3.3.4.jar;C:\Users\HP\.m2\repository\com\zaxxer\HikariCP\5.1.0\HikariCP-5.1.0.jar;C:\Users\HP\.m2\repository\org\springframework\spring-jdbc\6.1.13\spring-jdbc-6.1.13.jar;C:\Users\HP\.m2\repository\org\hibernate\orm\hibernate-core\6.5.3.Final\hibernate-core-6.5.3.Final.jar;C:\Users\HP\.m2\repository\jakarta\persistence\jakarta.persistence-api\3.1.0\jakarta.persistence-api-3.1.0.jar;C:\Users\HP\.m2\repository\jakarta\transaction\jakarta.transaction-api\2.0.1\jakarta.transaction-api-2.0.1.jar;C:\Users\HP\.m2\repository\org\jboss\logging\jboss-logging\3.5.3.Final\jboss-logging-3.5.3.Final.jar;C:\Users\HP\.m2\repository\org\hibernate\common\hibernate-commons-annotations\6.0.6.Final\hibernate-commons-annotations-6.0.6.Final.jar;C:\Users\HP\.m2\repository\io\smallrye\jandex\3.1.2\jandex-3.1.2.jar;C:\Users\HP\.m2\repository\com\fasterxml\classmate\1.7.0\classmate-1.7.0.jar;C:\Users\HP\.m2\repository\net\bytebuddy\byte-buddy\1.14.19\byte-buddy-1.14.19.jar;C:\Users\HP\.m2\repository\org\glassfish\jaxb\jaxb-runtime\4.0.5\jaxb-runtime-4.0.5.jar;C:\Users\HP\.m2\repository\org\glassfish\jaxb\jaxb-core\4.0.5\jaxb-core-4.0.5.jar;C:\Users\HP\.m2\repository\org\eclipse\angus\angus-activation\2.0.2\angus-activation-2.0.2.jar;C:\Users\HP\.m2\repository\org\glassfish\jaxb\txw2\4.0.5\txw2-4.0.5.jar;C:\Users\HP\.m2\repository\com\sun\istack\istack-commons-runtime\4.1.2\istack-commons-runtime-4.1.2.jar;C:\Users\HP\.m2\repository\jakarta\inject\jakarta.inject-api\2.0.1\jakarta.inject-api-2.0.1.jar;C:\Users\HP\.m2\repository\org\antlr\antlr4-runtime\4.13.0\antlr4-runtime-4.13.0.jar;C:\Users\HP\.m2\repository\org\springframework\data\spring-data-jpa\3.3.4\spring-data-jpa-3.3.4.jar;C:\Users\HP\.m2\repository\org\springframework\data\spring-data-commons\3.3.4\spring-data-commons-3.3.4.jar;C:\Users\HP\.m2\repository\org\springframework\spring-orm\6.1.13\spring-orm-6.1.13.jar;C:\Users\HP\.m2\repository\org\springframework\spring-context\6.1.13\spring-context-6.1.13.jar;C:\Users\HP\.m2\repository\org\springframework\spring-tx\6.1.13\spring-tx-6.1.13.jar;C:\Users\HP\.m2\repository\org\springframework\spring-beans\6.1.13\spring-beans-6.1.13.jar;C:\Users\HP\.m2\repository\jakarta\annotation\jakarta.annotation-api\2.1.1\jakarta.annotation-api-2.1.1.jar;C:\Users\HP\.m2\repository\org\slf4j\slf4j-api\2.0.16\slf4j-api-2.0.16.jar;C:\Users\HP\.m2\repository\org\springframework\spring-aspects\6.1.13\spring-aspects-6.1.13.jar;C:\Users\HP\.m2\repository\org\springframework\boot\spring-boot-starter-web\3.3.4\spring-boot-starter-web-3.3.4.jar;C:\Users\HP\.m2\repository\org\springframework\boot\spring-boot-starter\3.3.4\spring-boot-starter-3.3.4.jar;C:\Users\HP\.m2\repository\org\springframework\boot\spring-boot-starter-logging\3.3.4\spring-boot-starter-logging-3.3.4.jar;C:\Users\HP\.m2\repository\ch\qos\logback\logback-classic\1.5.8\logback-classic-1.5.8.jar;C:\Users\HP\.m2\repository\ch\qos\logback\logback-core\1.5.8\logback-core-1.5.8.jar;C:\Users\HP\.m2\repository\org\apache\logging\log4j\log4j-to-slf4j\2.23.1\log4j-to-slf4j-2.23.1.jar;C:\Users\HP\.m2\repository\org\apache\logging\log4j\log4j-api\2.23.1\log4j-api-2.23.1.jar;C:\Users\HP\.m2\repository\org\slf4j\jul-to-slf4j\2.0.16\jul-to-slf4j-2.0.16.jar;C:\Users\HP\.m2\repository\org\yaml\snakeyaml\2.2\snakeyaml-2.2.jar;C:\Users\HP\.m2\repository\org\springframework\boot\spring-boot-starter-json\3.3.4\spring-boot-starter-json-3.3.4.jar;C:\Users\HP\.m2\repository\com\fasterxml\jackson\core\jackson-databind\2.17.2\jackson-databind-2.17.2.jar;C:\Users\HP\.m2\repository\com\fasterxml\jackson\core\jackson-annotations\2.17.2\jackson-annotations-2.17.2.jar;C:\Users\HP\.m2\repository\com\fasterxml\jackson\core\jackson-core\2.17.2\jackson-core-2.17.2.jar;C:\Users\HP\.m2\repository\com\fasterxml\jackson\datatype\jackson-datatype-jdk8\2.17.2\jackson-datatype-jdk8-2.17.2.jar;C:\Users\HP\.m2\repository\com\fasterxml\jackson\datatype\jackson-datatype-jsr310\2.17.2\jackson-datatype-jsr310-2.17.2.jar;C:\Users\HP\.m2\repository\com\fasterxml\jackson\module\jackson-module-parameter-names\2.17.2\jackson-module-parameter-names-2.17.2.jar;C:\Users\HP\.m2\repository\org\springframework\boot\spring-boot-starter-tomcat\3.3.4\spring-boot-starter-tomcat-3.3.4.jar;C:\Users\HP\.m2\repository\org\apache\tomcat\embed\tomcat-embed-core\10.1.30\tomcat-embed-core-10.1.30.jar;C:\Users\HP\.m2\repository\org\apache\tomcat\embed\tomcat-embed-el\10.1.30\tomcat-embed-el-10.1.30.jar;C:\Users\HP\.m2\repository\org\apache\tomcat\embed\tomcat-embed-websocket\10.1.30\tomcat-embed-websocket-10.1.30.jar;C:\Users\HP\.m2\repository\org\springframework\spring-web\6.1.13\spring-web-6.1.13.jar;C:\Users\HP\.m2\repository\io\micrometer\micrometer-observation\1.13.4\micrometer-observation-1.13.4.jar;C:\Users\HP\.m2\repository\io\micrometer\micrometer-commons\1.13.4\micrometer-commons-1.13.4.jar;C:\Users\HP\.m2\repository\org\springframework\spring-webmvc\6.1.13\spring-webmvc-6.1.13.jar;C:\Users\HP\.m2\repository\org\springframework\spring-expression\6.1.13\spring-expression-6.1.13.jar;C:\Users\HP\.m2\repository\org\springframework\boot\spring-boot-devtools\3.3.4\spring-boot-devtools-3.3.4.jar;C:\Users\HP\.m2\repository\org\springframework\boot\spring-boot\3.3.4\spring-boot-3.3.4.jar;C:\Users\HP\.m2\repository\org\springframework\boot\spring-boot-autoconfigure\3.3.4\spring-boot-autoconfigure-3.3.4.jar;C:\Users\HP\.m2\repository\com\oracle\database\jdbc\ojdbc8\19.18.0.0\ojdbc8-19.18.0.0.jar;C:\Users\HP\.m2\repository\com\oracle\database\security\oraclepki\19.8.0.0\oraclepki-19.8.0.0.jar;C:\Users\HP\.m2\repository\com\oracle\database\security\osdt_core\19.8.0.0\osdt_core-19.8.0.0.jar;C:\Users\HP\.m2\repository\com\oracle\database\security\osdt_cert\19.8.0.0\osdt_cert-19.8.0.0.jar;C:\Users\HP\.m2\repository\org\projectlombok\lombok\1.18.34\lombok-1.18.34.jar;C:\Users\HP\.m2\repository\org\springframework\boot\spring-boot-starter-test\3.3.4\spring-boot-starter-test-3.3.4.jar;C:\Users\HP\.m2\repository\org\springframework\boot\spring-boot-test\3.3.4\spring-boot-test-3.3.4.jar;C:\Users\HP\.m2\repository\org\springframework\boot\spring-boot-test-autoconfigure\3.3.4\spring-boot-test-autoconfigure-3.3.4.jar;C:\Users\HP\.m2\repository\com\jayway\jsonpath\json-path\2.9.0\json-path-2.9.0.jar;C:\Users\HP\.m2\repository\jakarta\xml\bind\jakarta.xml.bind-api\4.0.2\jakarta.xml.bind-api-4.0.2.jar;C:\Users\HP\.m2\repository\jakarta\activation\jakarta.activation-api\2.1.3\jakarta.activation-api-2.1.3.jar;C:\Users\HP\.m2\repository\net\minidev\json-smart\2.5.1\json-smart-2.5.1.jar;C:\Users\HP\.m2\repository\net\minidev\accessors-smart\2.5.1\accessors-smart-2.5.1.jar;C:\Users\HP\.m2\repository\org\ow2\asm\asm\9.6\asm-9.6.jar;C:\Users\HP\.m2\repository\org\assertj\assertj-core\3.25.3\assertj-core-3.25.3.jar;C:\Users\HP\.m2\repository\org\awaitility\awaitility\4.2.2\awaitility-4.2.2.jar;C:\Users\HP\.m2\repository\org\hamcrest\hamcrest\2.2\hamcrest-2.2.jar;C:\Users\HP\.m2\repository\org\junit\jupiter\junit-jupiter\5.10.3\junit-jupiter-5.10.3.jar;C:\Users\HP\.m2\repository\org\junit\jupiter\junit-jupiter-api\5.10.3\junit-jupiter-api-5.10.3.jar;C:\Users\HP\.m2\repository\org\opentest4j\opentest4j\1.3.0\opentest4j-1.3.0.jar;C:\Users\HP\.m2\repository\org\junit\platform\junit-platform-commons\1.10.3\junit-platform-commons-1.10.3.jar;C:\Users\HP\.m2\repository\org\apiguardian\apiguardian-api\1.1.2\apiguardian-api-1.1.2.jar;C:\Users\HP\.m2\repository\org\junit\jupiter\junit-jupiter-params\5.10.3\junit-jupiter-params-5.10.3.jar;C:\Users\HP\.m2\repository\org\junit\jupiter\junit-jupiter-engine\5.10.3\junit-jupiter-engine-5.10.3.jar;C:\Users\HP\.m2\repository\org\junit\platform\junit-platform-engine\1.10.3\junit-platform-engine-1.10.3.jar;C:\Users\HP\.m2\repository\org\mockito\mockito-core\5.11.0\mockito-core-5.11.0.jar;C:\Users\HP\.m2\repository\net\bytebuddy\byte-buddy-agent\1.14.19\byte-buddy-agent-1.14.19.jar;C:\Users\HP\.m2\repository\org\objenesis\objenesis\3.3\objenesis-3.3.jar;C:\Users\HP\.m2\repository\org\mockito\mockito-junit-jupiter\5.11.0\mockito-junit-jupiter-5.11.0.jar;C:\Users\HP\.m2\repository\org\skyscreamer\jsonassert\1.5.3\jsonassert-1.5.3.jar;C:\Users\HP\.m2\repository\com\vaadin\external\google\android-json\0.0.20131108.vaadin1\android-json-0.0.20131108.vaadin1.jar;C:\Users\HP\.m2\repository\org\springframework\spring-core\6.1.13\spring-core-6.1.13.jar;C:\Users\HP\.m2\repository\org\springframework\spring-jcl\6.1.13\spring-jcl-6.1.13.jar;C:\Users\HP\.m2\repository\org\springframework\spring-test\6.1.13\spring-test-6.1.13.jar;C:\Users\HP\.m2\repository\org\xmlunit\xmlunit-core\2.9.1\xmlunit-core-2.9.1.jar;C:\Users\HP\.m2\repository\org\springdoc\springdoc-openapi-starter-webmvc-ui\2.0.2\springdoc-openapi-starter-webmvc-ui-2.0.2.jar;C:\Users\HP\.m2\repository\org\springdoc\springdoc-openapi-starter-webmvc-api\2.0.2\springdoc-openapi-starter-webmvc-api-2.0.2.jar;C:\Users\HP\.m2\repository\org\springdoc\springdoc-openapi-starter-common\2.0.2\springdoc-openapi-starter-common-2.0.2.jar;C:\Users\HP\.m2\repository\io\swagger\core\v3\swagger-core-jakarta\2.2.7\swagger-core-jakarta-2.2.7.jar;C:\Users\HP\.m2\repository\org\apache\commons\commons-lang3\3.14.0\commons-lang3-3.14.0.jar;C:\Users\HP\.m2\repository\io\swagger\core\v3\swagger-annotations-jakarta\2.2.7\swagger-annotations-jakarta-2.2.7.jar;C:\Users\HP\.m2\repository\io\swagger\core\v3\swagger-models-jakarta\2.2.7\swagger-models-jakarta-2.2.7.jar;C:\Users\HP\.m2\repository\jakarta\validation\jakarta.validation-api\3.0.2\jakarta.validation-api-3.0.2.jar;C:\Users\HP\.m2\repository\com\fasterxml\jackson\dataformat\jackson-dataformat-yaml\2.17.2\jackson-dataformat-yaml-2.17.2.jar;C:\Users\HP\.m2\repository\org\webjars\swagger-ui\4.15.5\swagger-ui-4.15.5.jar;C:\Users\HP\.m2\repository\org\webjars\webjars-locator-core\0.58\webjars-locator-core-0.58.jar;C:\Users\HP\.m2\repository\io\github\classgraph\classgraph\4.8.149\classgraph-4.8.149.jar;, java.vm.vendor=Oracle Corporation, sun.arch.data.model=64, user.variant=, java.vendor.url=https://java.oracle.com/, user.timezone=America/Santiago, jakarta.persistence.sharedCache.mode=UNSPECIFIED, org.jboss.logging.provider=slf4j, java.vm.specification.version=21, os.name=Windows 11, jakarta.persistence.nonJtaDataSource=HikariDataSource (HikariPool-1), sun.java.launcher=SUN_STANDARD, user.country=MX, sun.boot.library.path=C:\Program Files\Java\jdk-21\bin, sun.java.command=C:\Users\HP\AppData\Local\Temp\surefire3210570064186742296\surefirebooter-20241012193528007_3.jar C:\Users\HP\AppData\Local\Temp\surefire3210570064186742296 2024-10-12T19-35-27_779-jvmRun1 surefire-20241012193528007_1tmp surefire_0-20241012193528007_2tmp, javax.persistence.nonJtaDataSource=HikariDataSource (HikariPool-1), hibernate.transaction.jta.platform=org.hibernate.engine.transaction.jta.platform.internal.NoJtaPlatform@79fc4e99, jdk.debug=release, surefire.test.class.path=c:\Users\HP\Desktop\Capstone\NombreProyecto_Capstone24_DUOC_VM\Fase 2\ms-gestion-faenas\target\test-classes;c:\Users\HP\Desktop\Capstone\NombreProyecto_Capstone24_DUOC_VM\Fase 2\ms-gestion-faenas\target\classes;C:\Users\HP\.m2\repository\org\springframework\boot\spring-boot-starter-data-jpa\3.3.4\spring-boot-starter-data-jpa-3.3.4.jar;C:\Users\HP\.m2\repository\org\springframework\boot\spring-boot-starter-aop\3.3.4\spring-boot-starter-aop-3.3.4.jar;C:\Users\HP\.m2\repository\org\springframework\spring-aop\6.1.13\spring-aop-6.1.13.jar;C:\Users\HP\.m2\repository\org\aspectj\aspectjweaver\1.9.22.1\aspectjweaver-1.9.22.1.jar;C:\Users\HP\.m2\repository\org\springframework\boot\spring-boot-starter-jdbc\3.3.4\spring-boot-starter-jdbc-3.3.4.jar;C:\Users\HP\.m2\repository\com\zaxxer\HikariCP\5.1.0\HikariCP-5.1.0.jar;C:\Users\HP\.m2\repository\org\springframework\spring-jdbc\6.1.13\spring-jdbc-6.1.13.jar;C:\Users\HP\.m2\repository\org\hibernate\orm\hibernate-core\6.5.3.Final\hibernate-core-6.5.3.Final.jar;C:\Users\HP\.m2\repository\jakarta\persistence\jakarta.persistence-api\3.1.0\jakarta.persistence-api-3.1.0.jar;C:\Users\HP\.m2\repository\jakarta\transaction\jakarta.transaction-api\2.0.1\jakarta.transaction-api-2.0.1.jar;C:\Users\HP\.m2\repository\org\jboss\logging\jboss-logging\3.5.3.Final\jboss-logging-3.5.3.Final.jar;C:\Users\HP\.m2\repository\org\hibernate\common\hibernate-commons-annotations\6.0.6.Final\hibernate-commons-annotations-6.0.6.Final.jar;C:\Users\HP\.m2\repository\io\smallrye\jandex\3.1.2\jandex-3.1.2.jar;C:\Users\HP\.m2\repository\com\fasterxml\classmate\1.7.0\classmate-1.7.0.jar;C:\Users\HP\.m2\repository\net\bytebuddy\byte-buddy\1.14.19\byte-buddy-1.14.19.jar;C:\Users\HP\.m2\repository\org\glassfish\jaxb\jaxb-runtime\4.0.5\jaxb-runtime-4.0.5.jar;C:\Users\HP\.m2\repository\org\glassfish\jaxb\jaxb-core\4.0.5\jaxb-core-4.0.5.jar;C:\Users\HP\.m2\repository\org\eclipse\angus\angus-activation\2.0.2\angus-activation-2.0.2.jar;C:\Users\HP\.m2\repository\org\glassfish\jaxb\txw2\4.0.5\txw2-4.0.5.jar;C:\Users\HP\.m2\repository\com\sun\istack\istack-commons-runtime\4.1.2\istack-commons-runtime-4.1.2.jar;C:\Users\HP\.m2\repository\jakarta\inject\jakarta.inject-api\2.0.1\jakarta.inject-api-2.0.1.jar;C:\Users\HP\.m2\repository\org\antlr\antlr4-runtime\4.13.0\antlr4-runtime-4.13.0.jar;C:\Users\HP\.m2\repository\org\springframework\data\spring-data-jpa\3.3.4\spring-data-jpa-3.3.4.jar;C:\Users\HP\.m2\repository\org\springframework\data\spring-data-commons\3.3.4\spring-data-commons-3.3.4.jar;C:\Users\HP\.m2\
[...]
2024-10-12T19:35:39.771-03:00 DEBUG 1672 --- [ms-gestion-faenas] [           main] org.hibernate.HQL_FUNCTIONS              : String rtrim(STRING string[, STRING characters])
2024-10-12T19:35:39.772-03:00 DEBUG 1672 --- [ms-gestion-faenas] [           main] org.hibernate.HQL_FUNCTIONS              : Integer sign(NUMERIC arg)
2024-10-12T19:35:39.773-03:00 DEBUG 1672 --- [ms-gestion-faenas] [           main] org.hibernate.HQL_FUNCTIONS              : Double sin(NUMERIC arg)
2024-10-12T19:35:39.774-03:00 DEBUG 1672 --- [ms-gestion-faenas] [           main] org.hibernate.HQL_FUNCTIONS              : Double sinh(NUMERIC arg)
2024-10-12T19:35:39.775-03:00 DEBUG 1672 --- [ms-gestion-faenas] [           main] org.hibernate.HQL_FUNCTIONS              : String soundex(arg)
2024-10-12T19:35:39.775-03:00 DEBUG 1672 --- [ms-gestion-faenas] [           main] org.hibernate.HQL_FUNCTIONS              : Object sql
2024-10-12T19:35:39.776-03:00 DEBUG 1672 --- [ms-gestion-faenas] [           main] org.hibernate.HQL_FUNCTIONS              : Double sqrt(NUMERIC arg)
2024-10-12T19:35:39.776-03:00 DEBUG 1672 --- [ms-gestion-faenas] [           main] org.hibernate.HQL_FUNCTIONS              : Double stddev(NUMERIC arg)
2024-10-12T19:35:39.777-03:00 DEBUG 1672 --- [ms-gestion-faenas] [           main] org.hibernate.HQL_FUNCTIONS              : Double stddev_pop(NUMERIC arg)
2024-10-12T19:35:39.777-03:00 DEBUG 1672 --- [ms-gestion-faenas] [           main] org.hibernate.HQL_FUNCTIONS              : Double stddev_samp(NUMERIC arg)
2024-10-12T19:35:39.777-03:00 DEBUG 1672 --- [ms-gestion-faenas] [           main] org.hibernate.HQL_FUNCTIONS              : String str(arg)
2024-10-12T19:35:39.780-03:00 DEBUG 1672 --- [ms-gestion-faenas] [           main] org.hibernate.HQL_FUNCTIONS              : String substr(STRING string, INTEGER start[, INTEGER length])
2024-10-12T19:35:39.780-03:00 DEBUG 1672 --- [ms-gestion-faenas] [           main] org.hibernate.HQL_FUNCTIONS              : String substring(STRING string{ from|,} INTEGER start[{ for|,} INTEGER length])
2024-10-12T19:35:39.780-03:00 DEBUG 1672 --- [ms-gestion-faenas] [           main] org.hibernate.HQL_FUNCTIONS              : sum(arg)
2024-10-12T19:35:39.780-03:00 DEBUG 1672 --- [ms-gestion-faenas] [           main] org.hibernate.HQL_FUNCTIONS              : Timestamp sysdate
2024-10-12T19:35:39.780-03:00 DEBUG 1672 --- [ms-gestion-faenas] [           main] org.hibernate.HQL_FUNCTIONS              : Timestamp systimestamp
2024-10-12T19:35:39.781-03:00 DEBUG 1672 --- [ms-gestion-faenas] [           main] org.hibernate.HQL_FUNCTIONS              : Double tan(NUMERIC arg)
2024-10-12T19:35:39.781-03:00 DEBUG 1672 --- [ms-gestion-faenas] [           main] org.hibernate.HQL_FUNCTIONS              : Double tanh(NUMERIC arg)
2024-10-12T19:35:39.781-03:00 DEBUG 1672 --- [ms-gestion-faenas] [           main] org.hibernate.HQL_FUNCTIONS              : timestampadd(TEMPORAL_UNIT field, INTEGER magnitude, TEMPORAL datetime)
2024-10-12T19:35:39.785-03:00 DEBUG 1672 --- [ms-gestion-faenas] [           main] org.hibernate.HQL_FUNCTIONS              : Long|Double timestampdiff(TEMPORAL_UNIT field, TEMPORAL start, TEMPORAL end)
2024-10-12T19:35:39.787-03:00 DEBUG 1672 --- [ms-gestion-faenas] [           main] org.hibernate.HQL_FUNCTIONS              : String to_char(ANY arg0[, STRING arg1, STRING arg2])
2024-10-12T19:35:39.788-03:00 DEBUG 1672 --- [ms-gestion-faenas] [           main] org.hibernate.HQL_FUNCTIONS              : Date to_date(STRING arg0[, STRING arg1, STRING arg2])
2024-10-12T19:35:39.789-03:00 DEBUG 1672 --- [ms-gestion-faenas] [           main] org.hibernate.HQL_FUNCTIONS              : Double to_number(STRING arg0[, STRING arg1, STRING arg2])
2024-10-12T19:35:39.789-03:00 DEBUG 1672 --- [ms-gestion-faenas] [           main] org.hibernate.HQL_FUNCTIONS              : Timestamp to_timestamp(STRING arg0[, STRING arg1, STRING arg2])
2024-10-12T19:35:39.789-03:00 DEBUG 1672 --- [ms-gestion-faenas] [           main] org.hibernate.HQL_FUNCTIONS              : String translate(STRING arg0, STRING arg1, STRING arg2)
2024-10-12T19:35:39.789-03:00 DEBUG 1672 --- [ms-gestion-faenas] [           main] org.hibernate.HQL_FUNCTIONS              : String trim([[{leading|trailing|both} ][STRING arg0 ]from] STRING arg1)
2024-10-12T19:35:39.789-03:00 DEBUG 1672 --- [ms-gestion-faenas] [           main] org.hibernate.HQL_FUNCTIONS              : trunc( ... )
2024-10-12T19:35:39.789-03:00 DEBUG 1672 --- [ms-gestion-faenas] [           main] org.hibernate.HQL_FUNCTIONS              : truncate( ... )
2024-10-12T19:35:39.789-03:00 DEBUG 1672 --- [ms-gestion-faenas] [           main] org.hibernate.HQL_FUNCTIONS              : String upper(STRING string)
2024-10-12T19:35:39.790-03:00 DEBUG 1672 --- [ms-gestion-faenas] [           main] org.hibernate.HQL_FUNCTIONS              : Double var_pop(NUMERIC arg)
2024-10-12T19:35:39.790-03:00 DEBUG 1672 --- [ms-gestion-faenas] [           main] org.hibernate.HQL_FUNCTIONS              : Double var_samp(NUMERIC arg)
2024-10-12T19:35:39.790-03:00 DEBUG 1672 --- [ms-gestion-faenas] [           main] org.hibernate.HQL_FUNCTIONS              : Double variance(NUMERIC arg)
2024-10-12T19:35:39.807-03:00 DEBUG 1672 --- [ms-gestion-faenas] [           main] org.hibernate.orm.query.plan.cache       : Starting QueryInterpretationCache(2048)
2024-10-12T19:35:39.829-03:00 DEBUG 1672 --- [ms-gestion-faenas] [onnection adder] com.zaxxer.hikari.pool.HikariPool        : HikariPool-1 - Added connection oracle.jdbc.driver.T4CConnection@70a1a2f3
2024-10-12T19:35:39.870-03:00 DEBUG 1672 --- [ms-gestion-faenas] [onnection adder] com.zaxxer.hikari.pool.HikariPool        : HikariPool-1 - After adding stats (total=6, active=0, idle=6, waiting=0)
2024-10-12T19:35:40.044-03:00 DEBUG 1672 --- [ms-gestion-faenas] [           main] .h.s.i.SessionFactoryServiceRegistryImpl : EventListenerRegistry access via ServiceRegistry is deprecated.  Use `sessionFactory.getEventEngine().getListenerRegistry()` instead
2024-10-12T19:35:40.047-03:00 DEBUG 1672 --- [ms-gestion-faenas] [           main] h.e.i.EntityCopyObserverFactoryInitiator : Configured EntityCopyObserver strategy: disallow
2024-10-12T19:35:40.158-03:00 DEBUG 1672 --- [ms-gestion-faenas] [onnection adder] com.zaxxer.hikari.pool.HikariPool        : HikariPool-1 - Added connection oracle.jdbc.driver.T4CConnection@20c8af70
2024-10-12T19:35:40.170-03:00 DEBUG 1672 --- [ms-gestion-faenas] [           main] org.hibernate.ormbytecode.interceptor    : To-one property `cl.capstone.ms_gestion_faenas.model.Faena#tipoFaena` was mapped with LAZY + NO_PROXY but the class was not enhanced
2024-10-12T19:35:40.172-03:00 DEBUG 1672 --- [ms-gestion-faenas] [           main] org.hibernate.ormbytecode.interceptor    : To-one property `cl.capstone.ms_gestion_faenas.model.Faena#tipoFaena` was mapped with LAZY + NO_PROXY but the class was not enhanced
2024-10-12T19:35:40.172-03:00 DEBUG 1672 --- [ms-gestion-faenas] [           main] o.h.boot.internal.ClassLoaderAccessImpl  : Not known whether passed class name [cl.capstone.ms_gestion_faenas.model.Faena] is safe
2024-10-12T19:35:40.172-03:00 DEBUG 1672 --- [ms-gestion-faenas] [           main] o.h.boot.internal.ClassLoaderAccessImpl  : No temp ClassLoader provided; using live ClassLoader for loading potentially unsafe class : cl.capstone.ms_gestion_faenas.model.Faena
2024-10-12T19:35:40.189-03:00 DEBUG 1672 --- [ms-gestion-faenas] [onnection adder] com.zaxxer.hikari.pool.HikariPool        : HikariPool-1 - After adding stats (total=7, active=0, idle=7, waiting=0)
2024-10-12T19:35:40.430-03:00 DEBUG 1672 --- [ms-gestion-faenas] [onnection adder] com.zaxxer.hikari.pool.HikariPool        : HikariPool-1 - Added connection oracle.jdbc.driver.T4CConnection@30819d9c
2024-10-12T19:35:40.462-03:00 DEBUG 1672 --- [ms-gestion-faenas] [onnection adder] com.zaxxer.hikari.pool.HikariPool        : HikariPool-1 - After adding stats (total=8, active=0, idle=8, waiting=0)
2024-10-12T19:35:40.521-03:00 DEBUG 1672 --- [ms-gestion-faenas] [           main] o.h.b.i.bytebuddy.BytecodeProviderImpl   : HHH000513: Unable to create the ReflectionOptimizer for [cl.capstone.ms_gestion_faenas.model.Faena]: private accessor [encargado]
2024-10-12T19:35:40.530-03:00 DEBUG 1672 --- [ms-gestion-faenas] [           main] org.hibernate.ormbytecode.interceptor    : To-one property `cl.capstone.ms_gestion_faenas.model.Faena#tipoFaena` was mapped with LAZY + NO_PROXY but the class was not enhanced
2024-10-12T19:35:40.577-03:00 DEBUG 1672 --- [ms-gestion-faenas] [           main] o.h.boot.internal.ClassLoaderAccessImpl  : Not known whether passed class name [cl.capstone.ms_gestion_faenas.model.TipoFaena] is safe
2024-10-12T19:35:40.577-03:00 DEBUG 1672 --- [ms-gestion-faenas] [           main] o.h.boot.internal.ClassLoaderAccessImpl  : No temp ClassLoader provided; using live ClassLoader for loading potentially unsafe class : cl.capstone.ms_gestion_faenas.model.TipoFaena
2024-10-12T19:35:40.597-03:00 DEBUG 1672 --- [ms-gestion-faenas] [           main] o.h.b.i.bytebuddy.BytecodeProviderImpl   : HHH000513: Unable to create the ReflectionOptimizer for [cl.capstone.ms_gestion_faenas.model.TipoFaena]: private accessor [descripcionFaena]
2024-10-12T19:35:40.630-03:00 DEBUG 1672 --- [ms-gestion-faenas] [           main] o.hibernate.orm.model.mapping.creation   : Starting post-init callbacks
2024-10-12T19:35:40.630-03:00 DEBUG 1672 --- [ms-gestion-faenas] [           main] o.hibernate.orm.model.mapping.creation   : Starting PostInitCallbackEntry : To-one key - NavigableRole[cl.capstone.ms_gestion_faenas.model.Faena.tipoFaena]
2024-10-12T19:35:40.637-03:00 DEBUG 1672 --- [ms-gestion-faenas] [           main] o.hibernate.orm.model.mapping.creation   : Starting PostInitCallbackEntry : Entity(cl.capstone.ms_gestion_faenas.model.Faena) `staticFetchableList` generator
2024-10-12T19:35:40.637-03:00 DEBUG 1672 --- [ms-gestion-faenas] [           main] o.hibernate.orm.model.mapping.creation   : Starting PostInitCallbackEntry : Entity(cl.capstone.ms_gestion_faenas.model.TipoFaena) `staticFetchableList` generator
2024-10-12T19:35:40.747-03:00 DEBUG 1672 --- [ms-gestion-faenas] [onnection adder] com.zaxxer.hikari.pool.HikariPool        : HikariPool-1 - Added connection oracle.jdbc.driver.T4CConnection@626b3791
2024-10-12T19:35:40.778-03:00 DEBUG 1672 --- [ms-gestion-faenas] [onnection adder] com.zaxxer.hikari.pool.HikariPool        : HikariPool-1 - After adding stats (total=9, active=0, idle=9, waiting=0)
2024-10-12T19:35:40.791-03:00 DEBUG 1672 --- [ms-gestion-faenas] [           main] org.hibernate.orm.sql.ast.create         : Created new SQL alias : f1_0
2024-10-12T19:35:40.794-03:00 DEBUG 1672 --- [ms-gestion-faenas] [           main] org.hibernate.orm.sql.ast.create         : Registration of TableGroup [StandardTableGroup(cl.capstone.ms_gestion_faenas.model.Faena)] with identifierForTableGroup [cl.capstone.ms_gestion_faenas.model.Faena] for NavigablePath [cl.capstone.ms_gestion_faenas.model.Faena] 
2024-10-12T19:35:40.819-03:00 DEBUG 1672 --- [ms-gestion-faenas] [           main] org.hibernate.orm.sql.ast.create         : Registration of TableGroup [org.hibernate.sql.ast.tree.from.LazyTableGroup@2178d296] with identifierForTableGroup [cl.capstone.ms_gestion_faenas.model.Faena.tipoFaena] for NavigablePath [cl.capstone.ms_gestion_faenas.model.Faena.tipoFaena] 
2024-10-12T19:35:40.828-03:00 DEBUG 1672 --- [ms-gestion-faenas] [           main] org.hibernate.orm.sql.ast.create         : Created new SQL alias : tf1_0
2024-10-12T19:35:40.845-03:00 DEBUG 1672 --- [ms-gestion-faenas] [           main] org.hibernate.orm.results.graph.AST      : DomainResult Graph:
 \-EntityResultImpl [cl.capstone.ms_gestion_faenas.model.Faena]
 |  +-BasicFetch [cl.capstone.ms_gestion_faenas.model.Faena.encargado]
 |  +-BasicFetch [cl.capstone.ms_gestion_faenas.model.Faena.fechaInicio]
 |  +-BasicFetch [cl.capstone.ms_gestion_faenas.model.Faena.fechaTermino]
 |  +-BasicFetch [cl.capstone.ms_gestion_faenas.model.Faena.nombre]
 |  \-EntityFetchJoinedImpl [cl.capstone.ms_gestion_faenas.model.Faena.tipoFaena]

2024-10-12T19:35:40.857-03:00 DEBUG 1672 --- [ms-gestion-faenas] [           main] org.hibernate.orm.sql.ast.tree           : SQL AST Tree:
    SelectStatement {
      FromClause {
        StandardTableGroup (f1 : cl.capstone.ms_gestion_faenas.model.Faena) {
          primaryTableReference : faena as f1_0
          TableGroupJoins {
             join LazyTableGroup (tf1 : cl.capstone.ms_gestion_faenas.model.Faena.tipoFaena) {
              primaryTableReference : tipo_faena as tf1_0
            }
          }
        }
      }
    }

2024-10-12T19:35:40.870-03:00 DEBUG 1672 --- [ms-gestion-faenas] [           main] o.h.p.entity.AbstractEntityPersister     : Static SQL for entity: cl.capstone.ms_gestion_faenas.model.Faena
2024-10-12T19:35:40.871-03:00 DEBUG 1672 --- [ms-gestion-faenas] [           main] o.h.p.entity.AbstractEntityPersister     :  Version select: select id_faena from faena where id_faena=?
2024-10-12T19:35:40.871-03:00 DEBUG 1672 --- [ms-gestion-faenas] [           main] o.h.p.entity.AbstractEntityPersister     :  Insert (0): insert into faena (encargado,fecha_inicio,fecha_termino,nombre,id_tipo_faena,id_faena) values (?,?,?,?,?,default)
2024-10-12T19:35:40.871-03:00 DEBUG 1672 --- [ms-gestion-faenas] [           main] o.h.p.entity.AbstractEntityPersister     :  Update (0): update faena set encargado=?,fecha_inicio=?,fecha_termino=?,nombre=?,id_tipo_faena=? where id_faena=?
2024-10-12T19:35:40.871-03:00 DEBUG 1672 --- [ms-gestion-faenas] [           main] o.h.p.entity.AbstractEntityPersister     :  Delete (0): delete from faena where id_faena=?
2024-10-12T19:35:40.871-03:00 DEBUG 1672 --- [ms-gestion-faenas] [           main] org.hibernate.orm.sql.ast.create         : Created new SQL alias : tf1_0
2024-10-12T19:35:40.871-03:00 DEBUG 1672 --- [ms-gestion-faenas] [           main] org.hibernate.orm.sql.ast.create         : Registration of TableGroup [StandardTableGroup(cl.capstone.ms_gestion_faenas.model.TipoFaena)] with identifierForTableGroup [cl.capstone.ms_gestion_faenas.model.TipoFaena] for NavigablePath [cl.capstone.ms_gestion_faenas.model.TipoFaena] 
2024-10-12T19:35:40.871-03:00 DEBUG 1672 --- [ms-gestion-faenas] [           main] org.hibernate.orm.results.graph.AST      : DomainResult Graph:
 \-EntityResultImpl [cl.capstone.ms_gestion_faenas.model.TipoFaena]
 |  +-BasicFetch [cl.capstone.ms_gestion_faenas.model.TipoFaena.descripcionFaena]
 |  \-BasicFetch [cl.capstone.ms_gestion_faenas.model.TipoFaena.nombreFaena]

2024-10-12T19:35:40.871-03:00 DEBUG 1672 --- [ms-gestion-faenas] [           main] org.hibernate.orm.sql.ast.tree           : SQL AST Tree:
    SelectStatement {
      FromClause {
        StandardTableGroup (tf1 : cl.capstone.ms_gestion_faenas.model.TipoFaena) {
          primaryTableReference : tipo_faena as tf1_0
        }
      }
    }

2024-10-12T19:35:40.872-03:00 DEBUG 1672 --- [ms-gestion-faenas] [           main] o.h.p.entity.AbstractEntityPersister     : Static SQL for entity: cl.capstone.ms_gestion_faenas.model.TipoFaena
2024-10-12T19:35:40.872-03:00 DEBUG 1672 --- [ms-gestion-faenas] [           main] o.h.p.entity.AbstractEntityPersister     :  Version select: select id_tipo_faena from tipo_faena where id_tipo_faena=?
2024-10-12T19:35:40.872-03:00 DEBUG 1672 --- [ms-gestion-faenas] [           main] o.h.p.entity.AbstractEntityPersister     :  Insert (0): insert into tipo_faena (descripcion_faena,nombre_faena,id_tipo_faena) values (?,?,default)
2024-10-12T19:35:40.872-03:00 DEBUG 1672 --- [ms-gestion-faenas] [           main] o.h.p.entity.AbstractEntityPersister     :  Update (0): update tipo_faena set descripcion_faena=?,nombre_faena=? where id_tipo_faena=?
2024-10-12T19:35:40.872-03:00 DEBUG 1672 --- [ms-gestion-faenas] [           main] o.h.p.entity.AbstractEntityPersister     :  Delete (0): delete from tipo_faena where id_tipo_faena=?
2024-10-12T19:35:40.940-03:00  INFO 1672 --- [ms-gestion-faenas] [           main] o.h.e.t.j.p.i.JtaPlatformInitiator       : HHH000489: No JTA platform available (set 'hibernate.transaction.jta.platform' to enable JTA platform integration)
2024-10-12T19:35:40.941-03:00 DEBUG 1672 --- [ms-gestion-faenas] [           main] o.h.type.spi.TypeConfiguration$Scope     : Scoping TypeConfiguration [org.hibernate.type.spi.TypeConfiguration@6ec98ccc] to SessionFactoryImplementor [org.hibernate.internal.SessionFactoryImpl@74267ece]
2024-10-12T19:35:40.943-03:00 DEBUG 1672 --- [ms-gestion-faenas] [           main] o.h.query.named.NamedObjectRepository    : Checking 0 named HQL queries
2024-10-12T19:35:40.943-03:00 DEBUG 1672 --- [ms-gestion-faenas] [           main] o.h.query.named.NamedObjectRepository    : Checking 0 named SQL queries
2024-10-12T19:35:41.007-03:00 DEBUG 1672 --- [ms-gestion-faenas] [onnection adder] com.zaxxer.hikari.pool.HikariPool        : HikariPool-1 - Added connection oracle.jdbc.driver.T4CConnection@35e19475
2024-10-12T19:35:41.039-03:00 DEBUG 1672 --- [ms-gestion-faenas] [onnection adder] com.zaxxer.hikari.pool.HikariPool        : HikariPool-1 - After adding stats (total=10, active=1, idle=9, waiting=0)
2024-10-12T19:35:41.039-03:00 DEBUG 1672 --- [ms-gestion-faenas] [onnection adder] com.zaxxer.hikari.pool.HikariPool        : HikariPool-1 - Connection not added, stats (total=10, active=1, idle=9, waiting=0)
2024-10-12T19:35:41.366-03:00 DEBUG 1672 --- [ms-gestion-faenas] [           main] org.hibernate.mapping.Table              : No alter strings for table : faena
2024-10-12T19:35:41.367-03:00 DEBUG 1672 --- [ms-gestion-faenas] [           main] org.hibernate.mapping.Table              : No alter strings for table : tipo_faena
2024-10-12T19:35:41.505-03:00 DEBUG 1672 --- [ms-gestion-faenas] [           main] o.h.internal.SessionFactoryRegistry      : Initializing SessionFactoryRegistry : org.hibernate.internal.SessionFactoryRegistry@1be4f05c
2024-10-12T19:35:41.505-03:00 DEBUG 1672 --- [ms-gestion-faenas] [           main] o.h.internal.SessionFactoryRegistry      : Registering SessionFactory: 51a62122-051b-4332-aae4-82eb092bf84a (<unnamed>)
2024-10-12T19:35:41.505-03:00 DEBUG 1672 --- [ms-gestion-faenas] [           main] o.h.internal.SessionFactoryRegistry      : Not binding SessionFactory to JNDI, no JNDI name configured
2024-10-12T19:35:41.505-03:00 DEBUG 1672 --- [ms-gestion-faenas] [           main] o.hibernate.internal.SessionFactoryImpl  : Instantiated SessionFactory
2024-10-12T19:35:41.505-03:00  INFO 1672 --- [ms-gestion-faenas] [           main] j.LocalContainerEntityManagerFactoryBean : Initialized JPA EntityManagerFactory for persistence unit 'default'
2024-10-12T19:35:41.731-03:00 DEBUG 1672 --- [ms-gestion-faenas] [           main] o.h.stat.internal.StatisticsInitiator    : Statistics initialized [enabled=false]
2024-10-12T19:35:42.402-03:00  WARN 1672 --- [ms-gestion-faenas] [           main] JpaBaseConfiguration$JpaWebConfiguration : spring.jpa.open-in-view is enabled by default. Therefore, database queries may be performed during view rendering. Explicitly configure spring.jpa.open-in-view to disable this warning
2024-10-12T19:35:45.027-03:00  INFO 1672 --- [ms-gestion-faenas] [           main] c.c.m.MsGestionFaenasApplicationTests    : Started MsGestionFaenasApplicationTests in 14.642 seconds (process running for 16.593)
]]></system-out>
    <system-err><![CDATA[WARNING: A Java agent has been loaded dynamically (C:\Users\HP\.m2\repository\net\bytebuddy\byte-buddy-agent\1.14.19\byte-buddy-agent-1.14.19.jar)
WARNING: If a serviceability tool is in use, please run with -XX:+EnableDynamicAgentLoading to hide this warning
WARNING: If a serviceability tool is not in use, please run with -Djdk.instrument.traceUsage for more information
WARNING: Dynamic loading of agents will be disallowed by default in a future release
]]></system-err>
  </testcase>
</testsuite>